#
# There is insufficient memory for the Java Runtime Environment to continue.
# Native memory allocation (malloc) failed to allocate 525296 bytes for Chunk::new
# Possible reasons:
#   The system is out of physical RAM or swap space
#   The process is running with CompressedOops enabled, and the Java Heap may be blocking the growth of the native heap
# Possible solutions:
#   Reduce memory load on the system
#   Increase physical memory or swap space
#   Check if swap backing store is full
#   Decrease Java heap size (-Xmx/-Xms)
#   Decrease number of Java threads
#   Decrease Java thread stack sizes (-Xss)
#   Set larger code cache with -XX:ReservedCodeCacheSize=
#   JVM is running with Zero Based Compressed Oops mode in which the Java heap is
#     placed in the first 32GB address space. The Java Heap base address is the
#     maximum limit for the native heap growth. Please use -XX:HeapBaseMinAddress
#     to set the Java Heap base and to place the Java Heap above 32GB virtual address.
# This output file may be truncated or incomplete.
#
#  Out of Memory Error (arena.cpp:189), pid=41692, tid=41956
#
# JRE version: Java(TM) SE Runtime Environment (17.0.12+8) (build 17.0.12+8-LTS-286)
# Java VM: Java HotSpot(TM) 64-Bit Server VM (17.0.12+8-LTS-286, mixed mode, sharing, tiered, compressed oops, compressed class ptrs, g1 gc, windows-amd64)
# No core dump will be written. Minidumps are not enabled by default on client versions of Windows
#

---------------  S U M M A R Y ------------

Command Line: -javaagent:C:\Users\cheth\.m2\repository/org/aspectj/aspectjweaver/1.9.4/aspectjweaver-1.9.4.jar C:\Users\cheth\AppData\Local\Temp\surefire2670663691100969138\surefirebooter-20250220195231693_3.jar C:\Users\cheth\AppData\Local\Temp\surefire2670663691100969138 2025-02-20T19-52-31_461-jvmRun1 surefire-20250220195231693_1tmp surefire_0-20250220195231693_2tmp

Host: Intel(R) Core(TM) i7-8650U CPU @ 1.90GHz, 8 cores, 15G,  Windows 11 , 64 bit Build 22621 (10.0.22621.3958)
Time: Thu Feb 20 19:52:43 2025 India Standard Time elapsed time: 11.668988 seconds (0d 0h 0m 11s)

---------------  T H R E A D  ---------------

Current thread (0x00000224ee436860):  JavaThread "C2 CompilerThread0" daemon [_thread_in_native, id=41956, stack(0x000000375d800000,0x000000375d900000)]


Current CompileTask:
C2:  11669 4467   !   4       jdk.internal.loader.BuiltinClassLoader::findResource (154 bytes)

Stack: [0x000000375d800000,0x000000375d900000]
Native frames: (J=compiled Java code, j=interpreted, Vv=VM code, C=native code)
V  [jvm.dll+0x67a04a]
V  [jvm.dll+0x7da4ed]
V  [jvm.dll+0x7dbe33]
V  [jvm.dll+0x7dc4a3]
V  [jvm.dll+0x24508f]
V  [jvm.dll+0xab773]
V  [jvm.dll+0xabd3c]
V  [jvm.dll+0x2aa52f]
V  [jvm.dll+0x581eb9]
V  [jvm.dll+0x21f422]
V  [jvm.dll+0x21f81f]
V  [jvm.dll+0x218aa0]
V  [jvm.dll+0x215b65]
V  [jvm.dll+0x1a2960]
V  [jvm.dll+0x22610b]
V  [jvm.dll+0x2242ab]
V  [jvm.dll+0x79075c]
V  [jvm.dll+0x78abea]
V  [jvm.dll+0x678f35]
C  [ucrtbase.dll+0x29333]
C  [KERNEL32.DLL+0x1257d]
C  [ntdll.dll+0x5af28]


---------------  P R O C E S S  ---------------

Threads class SMR info:
_java_thread_list=0x00000224f58f46d0, length=23, elements={
0x00000224cb6a1f30, 0x00000224ee41cba0, 0x00000224ee41d820, 0x00000224ee4331e0,
0x00000224ee433ab0, 0x00000224ee434380, 0x00000224ee434c50, 0x00000224ee436860,
0x00000224ee548090, 0x00000224ee5489a0, 0x00000224ee647510, 0x00000224f37d1490,
0x00000224f3f895d0, 0x00000224f4bdba30, 0x00000224f6b0a640, 0x00000224f6b09200,
0x00000224f6b09710, 0x00000224f6b0a130, 0x00000224f6b0b570, 0x00000224f6b0ba80,
0x00000224f451c590, 0x00000224f6b09c20, 0x00000224f6b0bf90
}

Java Threads: ( => current thread )
  0x00000224cb6a1f30 JavaThread "main" [_thread_blocked, id=38340, stack(0x000000375cb00000,0x000000375cc00000)]
  0x00000224ee41cba0 JavaThread "Reference Handler" daemon [_thread_blocked, id=41924, stack(0x000000375d200000,0x000000375d300000)]
  0x00000224ee41d820 JavaThread "Finalizer" daemon [_thread_blocked, id=41940, stack(0x000000375d300000,0x000000375d400000)]
  0x00000224ee4331e0 JavaThread "Signal Dispatcher" daemon [_thread_blocked, id=41944, stack(0x000000375d400000,0x000000375d500000)]
  0x00000224ee433ab0 JavaThread "Attach Listener" daemon [_thread_blocked, id=41936, stack(0x000000375d500000,0x000000375d600000)]
  0x00000224ee434380 JavaThread "Service Thread" daemon [_thread_blocked, id=41960, stack(0x000000375d600000,0x000000375d700000)]
  0x00000224ee434c50 JavaThread "Monitor Deflation Thread" daemon [_thread_blocked, id=41964, stack(0x000000375d700000,0x000000375d800000)]
=>0x00000224ee436860 JavaThread "C2 CompilerThread0" daemon [_thread_in_native, id=41956, stack(0x000000375d800000,0x000000375d900000)]
  0x00000224ee548090 JavaThread "C1 CompilerThread0" daemon [_thread_blocked, id=41972, stack(0x000000375d900000,0x000000375da00000)]
  0x00000224ee5489a0 JavaThread "Sweeper thread" daemon [_thread_blocked, id=41976, stack(0x000000375da00000,0x000000375db00000)]
  0x00000224ee647510 JavaThread "Common-Cleaner" daemon [_thread_blocked, id=41968, stack(0x000000375db00000,0x000000375dc00000)]
  0x00000224f37d1490 JavaThread "Notification Thread" daemon [_thread_blocked, id=40968, stack(0x000000375dd00000,0x000000375de00000)]
  0x00000224f3f895d0 JavaThread "surefire-forkedjvm-stream-flusher" daemon [_thread_blocked, id=41100, stack(0x000000375e500000,0x000000375e600000)]
  0x00000224f4bdba30 JavaThread "surefire-forkedjvm-command-thread" daemon [_thread_in_native, id=41008, stack(0x000000375e600000,0x000000375e700000)]
  0x00000224f6b0a640 JavaThread "Java2D Disposer" daemon [_thread_blocked, id=41380, stack(0x000000375ea00000,0x000000375eb00000)]
  0x00000224f6b09200 JavaThread "AWT-Shutdown" [_thread_blocked, id=40528, stack(0x000000375eb00000,0x000000375ec00000)]
  0x00000224f6b09710 JavaThread "AWT-Windows" daemon [_thread_in_native, id=41220, stack(0x000000375ec00000,0x000000375ed00000)]
  0x00000224f6b0a130 JavaThread "Thread-1" [_thread_blocked, id=41000, stack(0x000000375ee00000,0x000000375ef00000)]
  0x00000224f6b0b570 JavaThread "pool-2-thread-1" [_thread_blocked, id=41556, stack(0x000000375ef00000,0x000000375f000000)]
  0x00000224f6b0ba80 JavaThread "pool-3-thread-1" [_thread_blocked, id=37716, stack(0x000000375f000000,0x000000375f100000)]
  0x00000224f451c590 JavaThread "C2 CompilerThread1" daemon [_thread_blocked, id=14176, stack(0x000000375dc00000,0x000000375dd00000)]
  0x00000224f6b09c20 JavaThread "Thread-2" [_thread_in_native, id=41368, stack(0x000000375ed00000,0x000000375ee00000)]
  0x00000224f6b0bf90 JavaThread "Thread-3" [_thread_blocked, id=36964, stack(0x000000375f400000,0x000000375f500000)]

Other Threads:
  0x00000224ee4154d0 VMThread "VM Thread" [stack: 0x000000375d100000,0x000000375d200000] [id=41932]
  0x00000224cb737ef0 WatcherThread [stack: 0x000000375de00000,0x000000375df00000] [id=41980]
  0x00000224cb712180 GCTaskThread "GC Thread#0" [stack: 0x000000375cc00000,0x000000375cd00000] [id=40068]
  0x00000224f3f15700 GCTaskThread "GC Thread#1" [stack: 0x000000375e000000,0x000000375e100000] [id=37100]
  0x00000224f37ee000 GCTaskThread "GC Thread#2" [stack: 0x000000375e100000,0x000000375e200000] [id=14052]
  0x00000224f3af8dd0 GCTaskThread "GC Thread#3" [stack: 0x000000375e200000,0x000000375e300000] [id=38608]
  0x00000224f3af82d0 GCTaskThread "GC Thread#4" [stack: 0x000000375e300000,0x000000375e400000] [id=40112]
  0x00000224f3af8590 GCTaskThread "GC Thread#5" [stack: 0x000000375e400000,0x000000375e500000] [id=5580]
  0x00000224f3af8010 GCTaskThread "GC Thread#6" [stack: 0x000000375e700000,0x000000375e800000] [id=41236]
  0x00000224f3af9090 GCTaskThread "GC Thread#7" [stack: 0x000000375e800000,0x000000375e900000] [id=41468]
  0x00000224cb722de0 ConcurrentGCThread "G1 Main Marker" [stack: 0x000000375cd00000,0x000000375ce00000] [id=39076]
  0x00000224cb723e90 ConcurrentGCThread "G1 Conc#0" [stack: 0x000000375ce00000,0x000000375cf00000] [id=41416]
  0x00000224f66fee60 ConcurrentGCThread "G1 Conc#1" [stack: 0x000000375e900000,0x000000375ea00000] [id=40788]
  0x00000224cb76ec20 ConcurrentGCThread "G1 Refine#0" [stack: 0x000000375cf00000,0x000000375d000000] [id=41384]
  0x00000224f309cbf0 ConcurrentGCThread "G1 Refine#1" [stack: 0x000000375f100000,0x000000375f200000] [id=41240]
  0x00000224f4fd31a0 ConcurrentGCThread "G1 Refine#2" [stack: 0x000000375f200000,0x000000375f300000] [id=41244]
  0x00000224f8251330 ConcurrentGCThread "G1 Refine#3" [stack: 0x000000375f300000,0x000000375f400000] [id=30876]
  0x00000224ee2ce780 ConcurrentGCThread "G1 Service" [stack: 0x000000375d000000,0x000000375d100000] [id=41928]

Threads with active compile tasks:
C2 CompilerThread0    11705 4467   !   4       jdk.internal.loader.BuiltinClassLoader::findResource (154 bytes)

VM state: not at safepoint (normal execution)

VM Mutex/Monitor currently owned by a thread: None

OutOfMemory and StackOverflow Exception counts:
OutOfMemoryError java_heap_errors=1
LinkageErrors=55

Heap address: 0x0000000701e00000, size: 4066 MB, Compressed Oops mode: Zero based, Oop shift amount: 3

CDS archive(s) mapped at: [0x0000022480000000-0x0000022480bd0000-0x0000022480bd0000), size 12386304, SharedBaseAddress: 0x0000022480000000, ArchiveRelocationMode: 1.
Compressed class space mapped at: 0x0000022481000000-0x00000224c1000000, reserved size: 1073741824
Narrow klass base: 0x0000022480000000, Narrow klass shift: 0, Narrow klass range: 0x100000000

GC Precious Log:
 CPUs: 8 total, 8 available
 Memory: 16262M
 Large Page Support: Disabled
 NUMA Support: Disabled
 Compressed Oops: Enabled (Zero based)
 Heap Region Size: 2M
 Heap Min Capacity: 8M
 Heap Initial Capacity: 256M
 Heap Max Capacity: 4066M
 Pre-touch: Disabled
 Parallel Workers: 8
 Concurrent Workers: 2
 Concurrent Refinement Workers: 8
 Periodic GC: Disabled

Heap:
 garbage-first heap   total 354304K, used 154765K [0x0000000701e00000, 0x0000000800000000)
  region size 2048K, 6 young (12288K), 3 survivors (6144K)
 Metaspace       used 33066K, committed 33472K, reserved 1114112K
  class space    used 3532K, committed 3712K, reserved 1048576K

Heap Regions: E=young(eden), S=young(survivor), O=old, HS=humongous(starts), HC=humongous(continues), CS=collection set, F=free, OA=open archive, CA=closed archive, TAMS=top-at-mark-start (previous, next)
|   0|0x0000000701e00000, 0x0000000702000000, 0x0000000702000000|100%|HS|  |TAMS 0x0000000702000000, 0x0000000702000000| Complete 
|   1|0x0000000702000000, 0x0000000702200000, 0x0000000702200000|100%|HS|  |TAMS 0x0000000702200000, 0x0000000702200000| Complete 
|   2|0x0000000702200000, 0x0000000702400000, 0x0000000702400000|100%| O|  |TAMS 0x0000000702400000, 0x0000000702400000| Untracked 
|   3|0x0000000702400000, 0x0000000702600000, 0x0000000702600000|100%| O|  |TAMS 0x0000000702600000, 0x0000000702600000| Untracked 
|   4|0x0000000702600000, 0x0000000702800000, 0x0000000702800000|100%| O|  |TAMS 0x0000000702800000, 0x0000000702800000| Untracked 
|   5|0x0000000702800000, 0x0000000702a00000, 0x0000000702a00000|100%| O|  |TAMS 0x0000000702a00000, 0x0000000702a00000| Untracked 
|   6|0x0000000702a00000, 0x0000000702c00000, 0x0000000702c00000|100%| O|  |TAMS 0x0000000702c00000, 0x0000000702c00000| Untracked 
|   7|0x0000000702c00000, 0x0000000702e00000, 0x0000000702e00000|100%| O|  |TAMS 0x0000000702e00000, 0x0000000702e00000| Untracked 
|   8|0x0000000702e00000, 0x0000000703000000, 0x0000000703000000|100%| O|  |TAMS 0x0000000703000000, 0x0000000703000000| Untracked 
|   9|0x0000000703000000, 0x0000000703200000, 0x0000000703200000|100%| O|  |TAMS 0x0000000703200000, 0x0000000703200000| Untracked 
|  10|0x0000000703200000, 0x0000000703400000, 0x0000000703400000|100%| O|  |TAMS 0x0000000703400000, 0x0000000703400000| Untracked 
|  11|0x0000000703400000, 0x0000000703600000, 0x0000000703600000|100%| O|  |TAMS 0x0000000703600000, 0x0000000703600000| Untracked 
|  12|0x0000000703600000, 0x0000000703800000, 0x0000000703800000|100%| O|  |TAMS 0x0000000703800000, 0x0000000703800000| Untracked 
|  13|0x0000000703800000, 0x0000000703a00000, 0x0000000703a00000|100%| O|  |TAMS 0x0000000703a00000, 0x0000000703a00000| Untracked 
|  14|0x0000000703a00000, 0x0000000703c00000, 0x0000000703c00000|100%| O|  |TAMS 0x0000000703c00000, 0x0000000703c00000| Untracked 
|  15|0x0000000703c00000, 0x0000000703e00000, 0x0000000703e00000|100%| O|  |TAMS 0x0000000703e00000, 0x0000000703e00000| Untracked 
|  16|0x0000000703e00000, 0x0000000704000000, 0x0000000704000000|100%| O|  |TAMS 0x0000000704000000, 0x0000000704000000| Untracked 
|  17|0x0000000704000000, 0x0000000704200000, 0x0000000704200000|100%| O|  |TAMS 0x0000000704200000, 0x0000000704200000| Untracked 
|  18|0x0000000704200000, 0x0000000704400000, 0x0000000704400000|100%| O|  |TAMS 0x0000000704400000, 0x0000000704400000| Untracked 
|  19|0x0000000704400000, 0x0000000704600000, 0x0000000704600000|100%| O|  |TAMS 0x0000000704600000, 0x0000000704600000| Untracked 
|  20|0x0000000704600000, 0x0000000704800000, 0x0000000704800000|100%| O|  |TAMS 0x0000000704800000, 0x0000000704800000| Untracked 
|  21|0x0000000704800000, 0x0000000704a00000, 0x0000000704a00000|100%| O|  |TAMS 0x0000000704a00000, 0x0000000704a00000| Untracked 
|  22|0x0000000704a00000, 0x0000000704c00000, 0x0000000704c00000|100%| O|  |TAMS 0x0000000704c00000, 0x0000000704c00000| Untracked 
|  23|0x0000000704c00000, 0x0000000704e00000, 0x0000000704e00000|100%| O|  |TAMS 0x0000000704e00000, 0x0000000704e00000| Untracked 
|  24|0x0000000704e00000, 0x0000000705000000, 0x0000000705000000|100%| O|  |TAMS 0x0000000705000000, 0x0000000705000000| Untracked 
|  25|0x0000000705000000, 0x0000000705144800, 0x0000000705200000| 63%| O|  |TAMS 0x0000000705144800, 0x0000000705144800| Untracked 
|  26|0x0000000705200000, 0x0000000705400000, 0x0000000705400000|100%|HS|  |TAMS 0x0000000705400000, 0x0000000705400000| Complete 
|  27|0x0000000705400000, 0x0000000705600000, 0x0000000705600000|100%|HC|  |TAMS 0x0000000705600000, 0x0000000705600000| Complete 
|  28|0x0000000705600000, 0x0000000705800000, 0x0000000705800000|100%|HS|  |TAMS 0x0000000705600000, 0x0000000705800000| Complete 
|  29|0x0000000705800000, 0x0000000705a00000, 0x0000000705a00000|100%|HC|  |TAMS 0x0000000705800000, 0x0000000705a00000| Complete 
|  30|0x0000000705a00000, 0x0000000705c00000, 0x0000000705c00000|100%|HC|  |TAMS 0x0000000705a00000, 0x0000000705c00000| Complete 
|  31|0x0000000705c00000, 0x0000000705e00000, 0x0000000705e00000|100%|HC|  |TAMS 0x0000000705c00000, 0x0000000705e00000| Complete 
|  32|0x0000000705e00000, 0x0000000706000000, 0x0000000706000000|100%|HS|  |TAMS 0x0000000705e00000, 0x0000000706000000| Complete 
|  33|0x0000000706000000, 0x0000000706200000, 0x0000000706200000|100%|HC|  |TAMS 0x0000000706000000, 0x0000000706200000| Complete 
|  34|0x0000000706200000, 0x0000000706400000, 0x0000000706400000|100%|HS|  |TAMS 0x0000000706400000, 0x0000000706400000| Complete 
|  35|0x0000000706400000, 0x0000000706600000, 0x0000000706600000|100%|HS|  |TAMS 0x0000000706600000, 0x0000000706600000| Complete 
|  36|0x0000000706600000, 0x0000000706800000, 0x0000000706800000|100%|HC|  |TAMS 0x0000000706800000, 0x0000000706800000| Complete 
|  37|0x0000000706800000, 0x0000000706a00000, 0x0000000706a00000|100%|HS|  |TAMS 0x0000000706800000, 0x0000000706a00000| Complete 
|  38|0x0000000706a00000, 0x0000000706c00000, 0x0000000706c00000|100%|HC|  |TAMS 0x0000000706a00000, 0x0000000706c00000| Complete 
|  39|0x0000000706c00000, 0x0000000706e00000, 0x0000000706e00000|100%|HC|  |TAMS 0x0000000706c00000, 0x0000000706e00000| Complete 
|  40|0x0000000706e00000, 0x0000000707000000, 0x0000000707000000|100%|HC|  |TAMS 0x0000000706e00000, 0x0000000707000000| Complete 
|  41|0x0000000707000000, 0x0000000707200000, 0x0000000707200000|100%| O|  |TAMS 0x0000000707200000, 0x0000000707200000| Untracked 
|  42|0x0000000707200000, 0x0000000707400000, 0x0000000707400000|100%|HS|  |TAMS 0x0000000707200000, 0x0000000707400000| Complete 
|  43|0x0000000707400000, 0x0000000707600000, 0x0000000707600000|100%|HC|  |TAMS 0x0000000707400000, 0x0000000707600000| Complete 
|  44|0x0000000707600000, 0x0000000707800000, 0x0000000707800000|100%|HS|  |TAMS 0x0000000707600000, 0x0000000707800000| Complete 
|  45|0x0000000707800000, 0x0000000707a00000, 0x0000000707a00000|100%|HC|  |TAMS 0x0000000707800000, 0x0000000707a00000| Complete 
|  46|0x0000000707a00000, 0x0000000707c00000, 0x0000000707c00000|100%|HS|  |TAMS 0x0000000707a00000, 0x0000000707a00000| Complete 
|  47|0x0000000707c00000, 0x0000000707e00000, 0x0000000707e00000|100%|HC|  |TAMS 0x0000000707c00000, 0x0000000707c00000| Complete 
|  48|0x0000000707e00000, 0x0000000707e00000, 0x0000000708000000|  0%| F|  |TAMS 0x0000000707e00000, 0x0000000707e00000| Untracked 
|  49|0x0000000708000000, 0x0000000708200000, 0x0000000708200000|100%| O|  |TAMS 0x0000000708200000, 0x0000000708200000| Untracked 
|  50|0x0000000708200000, 0x0000000708400000, 0x0000000708400000|100%| O|  |TAMS 0x0000000708400000, 0x0000000708400000| Untracked 
|  51|0x0000000708400000, 0x0000000708600000, 0x0000000708600000|100%| O|  |TAMS 0x0000000708600000, 0x0000000708600000| Untracked 
|  52|0x0000000708600000, 0x0000000708769000, 0x0000000708800000| 70%| O|  |TAMS 0x0000000708641c00, 0x0000000708767e00| Untracked 
|  53|0x0000000708800000, 0x0000000708a00000, 0x0000000708a00000|100%|HS|  |TAMS 0x0000000708800000, 0x0000000708a00000| Complete 
|  54|0x0000000708a00000, 0x0000000708c00000, 0x0000000708c00000|100%|HC|  |TAMS 0x0000000708a00000, 0x0000000708c00000| Complete 
|  55|0x0000000708c00000, 0x0000000708e00000, 0x0000000708e00000|100%|HC|  |TAMS 0x0000000708c00000, 0x0000000708e00000| Complete 
|  56|0x0000000708e00000, 0x0000000709000000, 0x0000000709000000|100%|HC|  |TAMS 0x0000000708e00000, 0x0000000709000000| Complete 
|  57|0x0000000709000000, 0x0000000709200000, 0x0000000709200000|100%|HS|  |TAMS 0x0000000709000000, 0x0000000709000000| Complete 
|  58|0x0000000709200000, 0x0000000709400000, 0x0000000709400000|100%|HC|  |TAMS 0x0000000709200000, 0x0000000709200000| Complete 
|  59|0x0000000709400000, 0x0000000709600000, 0x0000000709600000|100%|HC|  |TAMS 0x0000000709400000, 0x0000000709400000| Complete 
|  60|0x0000000709600000, 0x0000000709800000, 0x0000000709800000|100%|HC|  |TAMS 0x0000000709600000, 0x0000000709600000| Complete 
|  61|0x0000000709800000, 0x0000000709a00000, 0x0000000709a00000|100%|HS|  |TAMS 0x0000000709800000, 0x0000000709a00000| Complete 
|  62|0x0000000709a00000, 0x0000000709c00000, 0x0000000709c00000|100%|HC|  |TAMS 0x0000000709a00000, 0x0000000709c00000| Complete 
|  63|0x0000000709c00000, 0x0000000709e00000, 0x0000000709e00000|100%|HC|  |TAMS 0x0000000709c00000, 0x0000000709e00000| Complete 
|  64|0x0000000709e00000, 0x000000070a000000, 0x000000070a000000|100%|HC|  |TAMS 0x0000000709e00000, 0x000000070a000000| Complete 
|  65|0x000000070a000000, 0x000000070a200000, 0x000000070a200000|100%|HS|  |TAMS 0x000000070a000000, 0x000000070a000000| Complete 
|  66|0x000000070a200000, 0x000000070a400000, 0x000000070a400000|100%|HC|  |TAMS 0x000000070a200000, 0x000000070a200000| Complete 
|  67|0x000000070a400000, 0x000000070a600000, 0x000000070a600000|100%|HC|  |TAMS 0x000000070a400000, 0x000000070a400000| Complete 
|  68|0x000000070a600000, 0x000000070a800000, 0x000000070a800000|100%|HC|  |TAMS 0x000000070a600000, 0x000000070a600000| Complete 
|  69|0x000000070a800000, 0x000000070a800000, 0x000000070aa00000|  0%| F|  |TAMS 0x000000070a800000, 0x000000070a800000| Untracked 
|  70|0x000000070aa00000, 0x000000070aa00000, 0x000000070ac00000|  0%| F|  |TAMS 0x000000070aa00000, 0x000000070aa00000| Untracked 
|  71|0x000000070ac00000, 0x000000070ae00000, 0x000000070ae00000|100%|HS|  |TAMS 0x000000070ac00000, 0x000000070ae00000| Complete 
|  72|0x000000070ae00000, 0x000000070b000000, 0x000000070b000000|100%|HC|  |TAMS 0x000000070ae00000, 0x000000070b000000| Complete 
|  73|0x000000070b000000, 0x000000070b200000, 0x000000070b200000|100%|HS|  |TAMS 0x000000070b000000, 0x000000070b200000| Complete 
|  74|0x000000070b200000, 0x000000070b400000, 0x000000070b400000|100%|HC|  |TAMS 0x000000070b200000, 0x000000070b400000| Complete 
|  75|0x000000070b400000, 0x000000070b400000, 0x000000070b600000|  0%| F|  |TAMS 0x000000070b400000, 0x000000070b400000| Untracked 
|  76|0x000000070b600000, 0x000000070b600000, 0x000000070b800000|  0%| F|  |TAMS 0x000000070b600000, 0x000000070b600000| Untracked 
|  77|0x000000070b800000, 0x000000070b800000, 0x000000070ba00000|  0%| F|  |TAMS 0x000000070b800000, 0x000000070b800000| Untracked 
|  78|0x000000070ba00000, 0x000000070ba00000, 0x000000070bc00000|  0%| F|  |TAMS 0x000000070ba00000, 0x000000070ba00000| Untracked 
|  79|0x000000070bc00000, 0x000000070bc00000, 0x000000070be00000|  0%| F|  |TAMS 0x000000070bc00000, 0x000000070bc00000| Untracked 
|  80|0x000000070be00000, 0x000000070be00000, 0x000000070c000000|  0%| F|  |TAMS 0x000000070be00000, 0x000000070be00000| Untracked 
|  81|0x000000070c000000, 0x000000070c000000, 0x000000070c200000|  0%| F|  |TAMS 0x000000070c000000, 0x000000070c000000| Untracked 
|  82|0x000000070c200000, 0x000000070c200000, 0x000000070c400000|  0%| F|  |TAMS 0x000000070c200000, 0x000000070c200000| Untracked 
|  83|0x000000070c400000, 0x000000070c400000, 0x000000070c600000|  0%| F|  |TAMS 0x000000070c400000, 0x000000070c400000| Untracked 
|  84|0x000000070c600000, 0x000000070c600000, 0x000000070c800000|  0%| F|  |TAMS 0x000000070c600000, 0x000000070c600000| Untracked 
|  85|0x000000070c800000, 0x000000070c800000, 0x000000070ca00000|  0%| F|  |TAMS 0x000000070c800000, 0x000000070c800000| Untracked 
|  86|0x000000070ca00000, 0x000000070ca00000, 0x000000070cc00000|  0%| F|  |TAMS 0x000000070ca00000, 0x000000070ca00000| Untracked 
|  87|0x000000070cc00000, 0x000000070cc00000, 0x000000070ce00000|  0%| F|  |TAMS 0x000000070cc00000, 0x000000070cc00000| Untracked 
|  88|0x000000070ce00000, 0x000000070ce00000, 0x000000070d000000|  0%| F|  |TAMS 0x000000070ce00000, 0x000000070ce00000| Untracked 
|  89|0x000000070d000000, 0x000000070d000000, 0x000000070d200000|  0%| F|  |TAMS 0x000000070d000000, 0x000000070d000000| Untracked 
|  90|0x000000070d200000, 0x000000070d200000, 0x000000070d400000|  0%| F|  |TAMS 0x000000070d200000, 0x000000070d200000| Untracked 
|  91|0x000000070d400000, 0x000000070d400000, 0x000000070d600000|  0%| F|  |TAMS 0x000000070d400000, 0x000000070d400000| Untracked 
|  92|0x000000070d600000, 0x000000070d600000, 0x000000070d800000|  0%| F|  |TAMS 0x000000070d600000, 0x000000070d600000| Untracked 
|  93|0x000000070d800000, 0x000000070d800000, 0x000000070da00000|  0%| F|  |TAMS 0x000000070d800000, 0x000000070d800000| Untracked 
|  94|0x000000070da00000, 0x000000070da00000, 0x000000070dc00000|  0%| F|  |TAMS 0x000000070da00000, 0x000000070da00000| Untracked 
|  95|0x000000070dc00000, 0x000000070dc00000, 0x000000070de00000|  0%| F|  |TAMS 0x000000070dc00000, 0x000000070dc00000| Untracked 
|  96|0x000000070de00000, 0x000000070de00000, 0x000000070e000000|  0%| F|  |TAMS 0x000000070de00000, 0x000000070de00000| Untracked 
|  97|0x000000070e000000, 0x000000070e000000, 0x000000070e200000|  0%| F|  |TAMS 0x000000070e000000, 0x000000070e000000| Untracked 
|  98|0x000000070e200000, 0x000000070e200000, 0x000000070e400000|  0%| F|  |TAMS 0x000000070e200000, 0x000000070e200000| Untracked 
|  99|0x000000070e400000, 0x000000070e400000, 0x000000070e600000|  0%| F|  |TAMS 0x000000070e400000, 0x000000070e400000| Untracked 
| 100|0x000000070e600000, 0x000000070e600000, 0x000000070e800000|  0%| F|  |TAMS 0x000000070e600000, 0x000000070e600000| Untracked 
| 101|0x000000070e800000, 0x000000070e800000, 0x000000070ea00000|  0%| F|  |TAMS 0x000000070e800000, 0x000000070e800000| Untracked 
| 102|0x000000070ea00000, 0x000000070ea00000, 0x000000070ec00000|  0%| F|  |TAMS 0x000000070ea00000, 0x000000070ea00000| Untracked 
| 103|0x000000070ec00000, 0x000000070ec00000, 0x000000070ee00000|  0%| F|  |TAMS 0x000000070ec00000, 0x000000070ec00000| Untracked 
| 104|0x000000070ee00000, 0x000000070ee00000, 0x000000070f000000|  0%| F|  |TAMS 0x000000070ee00000, 0x000000070ee00000| Untracked 
| 105|0x000000070f000000, 0x000000070f000000, 0x000000070f200000|  0%| F|  |TAMS 0x000000070f000000, 0x000000070f000000| Untracked 
| 106|0x000000070f200000, 0x000000070f200000, 0x000000070f400000|  0%| F|  |TAMS 0x000000070f200000, 0x000000070f200000| Untracked 
| 107|0x000000070f400000, 0x000000070f400000, 0x000000070f600000|  0%| F|  |TAMS 0x000000070f400000, 0x000000070f400000| Untracked 
| 108|0x000000070f600000, 0x000000070f600000, 0x000000070f800000|  0%| F|  |TAMS 0x000000070f600000, 0x000000070f600000| Untracked 
| 109|0x000000070f800000, 0x000000070f800000, 0x000000070fa00000|  0%| F|  |TAMS 0x000000070f800000, 0x000000070f800000| Untracked 
| 110|0x000000070fa00000, 0x000000070fa00000, 0x000000070fc00000|  0%| F|  |TAMS 0x000000070fa00000, 0x000000070fa00000| Untracked 
| 111|0x000000070fc00000, 0x000000070fc00000, 0x000000070fe00000|  0%| F|  |TAMS 0x000000070fc00000, 0x000000070fc00000| Untracked 
| 112|0x000000070fe00000, 0x000000070fe00000, 0x0000000710000000|  0%| F|  |TAMS 0x000000070fe00000, 0x000000070fe00000| Untracked 
| 113|0x0000000710000000, 0x0000000710000000, 0x0000000710200000|  0%| F|  |TAMS 0x0000000710000000, 0x0000000710000000| Untracked 
| 114|0x0000000710200000, 0x0000000710200000, 0x0000000710400000|  0%| F|  |TAMS 0x0000000710200000, 0x0000000710200000| Untracked 
| 115|0x0000000710400000, 0x0000000710400000, 0x0000000710600000|  0%| F|  |TAMS 0x0000000710400000, 0x0000000710400000| Untracked 
| 116|0x0000000710600000, 0x0000000710600000, 0x0000000710800000|  0%| F|  |TAMS 0x0000000710600000, 0x0000000710600000| Untracked 
| 117|0x0000000710800000, 0x0000000710800000, 0x0000000710a00000|  0%| F|  |TAMS 0x0000000710800000, 0x0000000710800000| Untracked 
| 118|0x0000000710a00000, 0x0000000710a00000, 0x0000000710c00000|  0%| F|  |TAMS 0x0000000710a00000, 0x0000000710a00000| Untracked 
| 119|0x0000000710c00000, 0x0000000710c00000, 0x0000000710e00000|  0%| F|  |TAMS 0x0000000710c00000, 0x0000000710c00000| Untracked 
| 120|0x0000000710e00000, 0x0000000710e00000, 0x0000000711000000|  0%| F|  |TAMS 0x0000000710e00000, 0x0000000710e00000| Untracked 
| 121|0x0000000711000000, 0x0000000711000000, 0x0000000711200000|  0%| F|  |TAMS 0x0000000711000000, 0x0000000711000000| Untracked 
| 122|0x0000000711200000, 0x0000000711200000, 0x0000000711400000|  0%| F|  |TAMS 0x0000000711200000, 0x0000000711200000| Untracked 
| 123|0x0000000711400000, 0x0000000711400000, 0x0000000711600000|  0%| F|  |TAMS 0x0000000711400000, 0x0000000711400000| Untracked 
| 124|0x0000000711600000, 0x0000000711600000, 0x0000000711800000|  0%| F|  |TAMS 0x0000000711600000, 0x0000000711600000| Untracked 
| 125|0x0000000711800000, 0x0000000711800000, 0x0000000711a00000|  0%| F|  |TAMS 0x0000000711800000, 0x0000000711800000| Untracked 
| 126|0x0000000711a00000, 0x0000000711a00000, 0x0000000711c00000|  0%| F|  |TAMS 0x0000000711a00000, 0x0000000711a00000| Untracked 
| 127|0x0000000711c00000, 0x0000000711c00000, 0x0000000711e00000|  0%| F|  |TAMS 0x0000000711c00000, 0x0000000711c00000| Untracked 
| 128|0x0000000711e00000, 0x0000000711e00000, 0x0000000712000000|  0%| F|  |TAMS 0x0000000711e00000, 0x0000000711e00000| Untracked 
| 129|0x0000000712000000, 0x0000000712000000, 0x0000000712200000|  0%| F|  |TAMS 0x0000000712000000, 0x0000000712000000| Untracked 
| 130|0x0000000712200000, 0x0000000712200000, 0x0000000712400000|  0%| F|  |TAMS 0x0000000712200000, 0x0000000712200000| Untracked 
| 131|0x0000000712400000, 0x0000000712400000, 0x0000000712600000|  0%| F|  |TAMS 0x0000000712400000, 0x0000000712400000| Untracked 
| 132|0x0000000712600000, 0x0000000712600000, 0x0000000712800000|  0%| F|  |TAMS 0x0000000712600000, 0x0000000712600000| Untracked 
| 133|0x0000000712800000, 0x0000000712800000, 0x0000000712a00000|  0%| F|  |TAMS 0x0000000712800000, 0x0000000712800000| Untracked 
| 134|0x0000000712a00000, 0x0000000712a00000, 0x0000000712c00000|  0%| F|  |TAMS 0x0000000712a00000, 0x0000000712a00000| Untracked 
| 135|0x0000000712c00000, 0x0000000712c00000, 0x0000000712e00000|  0%| F|  |TAMS 0x0000000712c00000, 0x0000000712c00000| Untracked 
| 136|0x0000000712e00000, 0x0000000712e00000, 0x0000000713000000|  0%| F|  |TAMS 0x0000000712e00000, 0x0000000712e00000| Untracked 
| 137|0x0000000713000000, 0x0000000713000000, 0x0000000713200000|  0%| F|  |TAMS 0x0000000713000000, 0x0000000713000000| Untracked 
| 138|0x0000000713200000, 0x0000000713200000, 0x0000000713400000|  0%| F|  |TAMS 0x0000000713200000, 0x0000000713200000| Untracked 
| 139|0x0000000713400000, 0x0000000713400000, 0x0000000713600000|  0%| F|  |TAMS 0x0000000713400000, 0x0000000713400000| Untracked 
| 140|0x0000000713600000, 0x0000000713600000, 0x0000000713800000|  0%| F|  |TAMS 0x0000000713600000, 0x0000000713600000| Untracked 
| 141|0x0000000713800000, 0x0000000713800000, 0x0000000713a00000|  0%| F|  |TAMS 0x0000000713800000, 0x0000000713800000| Untracked 
| 142|0x0000000713a00000, 0x0000000713a00000, 0x0000000713c00000|  0%| F|  |TAMS 0x0000000713a00000, 0x0000000713a00000| Untracked 
| 143|0x0000000713c00000, 0x0000000713c00000, 0x0000000713e00000|  0%| F|  |TAMS 0x0000000713c00000, 0x0000000713c00000| Untracked 
| 144|0x0000000713e00000, 0x0000000713e00000, 0x0000000714000000|  0%| F|  |TAMS 0x0000000713e00000, 0x0000000713e00000| Untracked 
| 145|0x0000000714000000, 0x0000000714000000, 0x0000000714200000|  0%| F|  |TAMS 0x0000000714000000, 0x0000000714000000| Untracked 
| 146|0x0000000714200000, 0x0000000714200000, 0x0000000714400000|  0%| F|  |TAMS 0x0000000714200000, 0x0000000714200000| Untracked 
| 147|0x0000000714400000, 0x0000000714400000, 0x0000000714600000|  0%| F|  |TAMS 0x0000000714400000, 0x0000000714400000| Untracked 
| 148|0x0000000714600000, 0x0000000714600000, 0x0000000714800000|  0%| F|  |TAMS 0x0000000714600000, 0x0000000714600000| Untracked 
| 149|0x0000000714800000, 0x0000000714800000, 0x0000000714a00000|  0%| F|  |TAMS 0x0000000714800000, 0x0000000714800000| Untracked 
| 150|0x0000000714a00000, 0x0000000714a00000, 0x0000000714c00000|  0%| F|  |TAMS 0x0000000714a00000, 0x0000000714a00000| Untracked 
| 151|0x0000000714c00000, 0x0000000714c00000, 0x0000000714e00000|  0%| F|  |TAMS 0x0000000714c00000, 0x0000000714c00000| Untracked 
| 152|0x0000000714e00000, 0x0000000714e00000, 0x0000000715000000|  0%| F|  |TAMS 0x0000000714e00000, 0x0000000714e00000| Untracked 
| 153|0x0000000715000000, 0x0000000715000000, 0x0000000715200000|  0%| F|  |TAMS 0x0000000715000000, 0x0000000715000000| Untracked 
| 154|0x0000000715200000, 0x0000000715200000, 0x0000000715400000|  0%| F|  |TAMS 0x0000000715200000, 0x0000000715200000| Untracked 
| 155|0x0000000715400000, 0x0000000715400000, 0x0000000715600000|  0%| F|  |TAMS 0x0000000715400000, 0x0000000715400000| Untracked 
| 156|0x0000000715600000, 0x0000000715600000, 0x0000000715800000|  0%| F|  |TAMS 0x0000000715600000, 0x0000000715600000| Untracked 
| 157|0x0000000715800000, 0x0000000715800000, 0x0000000715a00000|  0%| F|  |TAMS 0x0000000715800000, 0x0000000715800000| Untracked 
| 158|0x0000000715a00000, 0x0000000715a00000, 0x0000000715c00000|  0%| F|  |TAMS 0x0000000715a00000, 0x0000000715a00000| Untracked 
| 159|0x0000000715c00000, 0x0000000715c00000, 0x0000000715e00000|  0%| F|  |TAMS 0x0000000715c00000, 0x0000000715c00000| Untracked 
| 160|0x0000000715e00000, 0x0000000715e00000, 0x0000000716000000|  0%| F|  |TAMS 0x0000000715e00000, 0x0000000715e00000| Untracked 
| 161|0x0000000716000000, 0x0000000716000000, 0x0000000716200000|  0%| F|  |TAMS 0x0000000716000000, 0x0000000716000000| Untracked 
| 162|0x0000000716200000, 0x0000000716200000, 0x0000000716400000|  0%| F|  |TAMS 0x0000000716200000, 0x0000000716200000| Untracked 
| 163|0x0000000716400000, 0x0000000716400000, 0x0000000716600000|  0%| F|  |TAMS 0x0000000716400000, 0x0000000716400000| Untracked 
| 164|0x0000000716600000, 0x0000000716600000, 0x0000000716800000|  0%| F|  |TAMS 0x0000000716600000, 0x0000000716600000| Untracked 
| 165|0x0000000716800000, 0x0000000716875c60, 0x0000000716a00000| 23%| S|CS|TAMS 0x0000000716800000, 0x0000000716800000| Complete 
| 166|0x0000000716a00000, 0x0000000716c00000, 0x0000000716c00000|100%| S|CS|TAMS 0x0000000716a00000, 0x0000000716a00000| Complete 
| 167|0x0000000716c00000, 0x0000000716e00000, 0x0000000716e00000|100%| S|CS|TAMS 0x0000000716c00000, 0x0000000716c00000| Complete 
| 168|0x0000000716e00000, 0x0000000716e00000, 0x0000000717000000|  0%| F|  |TAMS 0x0000000716e00000, 0x0000000716e00000| Untracked 
| 169|0x0000000717000000, 0x0000000717000000, 0x0000000717200000|  0%| F|  |TAMS 0x0000000717000000, 0x0000000717000000| Untracked 
| 170|0x0000000717200000, 0x0000000717300800, 0x0000000717400000| 50%| E|  |TAMS 0x0000000717200000, 0x0000000717200000| Complete 
| 171|0x0000000717400000, 0x0000000717600000, 0x0000000717600000|100%| E|CS|TAMS 0x0000000717400000, 0x0000000717400000| Complete 
| 172|0x0000000717600000, 0x0000000717800000, 0x0000000717800000|100%| E|CS|TAMS 0x0000000717600000, 0x0000000717600000| Complete 

Card table byte_map: [0x00000224e2a90000,0x00000224e3290000] _byte_map_base: 0x00000224df281000

Marking Bits (Prev, Next): (CMBitMap*) 0x00000224cb7126a0, (CMBitMap*) 0x00000224cb7126e0
 Prev Bits: [0x00000224e3a90000, 0x00000224e7a18000)
 Next Bits: [0x00000224e7a20000, 0x00000224eb9a8000)

Polling page: 0x00000224c9600000

Metaspace:

Usage:
  Non-class:     28.84 MB used.
      Class:      3.45 MB used.
       Both:     32.29 MB used.

Virtual space:
  Non-class space:       64.00 MB reserved,      29.06 MB ( 45%) committed,  1 nodes.
      Class space:        1.00 GB reserved,       3.62 MB ( <1%) committed,  1 nodes.
             Both:        1.06 GB reserved,      32.69 MB (  3%) committed. 

Chunk freelists:
   Non-Class:  2.92 MB
       Class:  12.34 MB
        Both:  15.26 MB

MaxMetaspaceSize: unlimited
CompressedClassSpaceSize: 1.00 GB
Initial GC threshold: 21.00 MB
Current GC threshold: 51.25 MB
CDS: on
MetaspaceReclaimPolicy: balanced
 - commit_granule_bytes: 65536.
 - commit_granule_words: 8192.
 - virtual_space_node_default_size: 8388608.
 - enlarge_chunks_in_place: 1.
 - new_chunks_are_fully_committed: 0.
 - uncommit_free_chunks: 1.
 - use_allocation_guard: 0.
 - handle_deallocations: 1.


Internal statistics:

num_allocs_failed_limit: 3.
num_arena_births: 352.
num_arena_deaths: 0.
num_vsnodes_births: 2.
num_vsnodes_deaths: 0.
num_space_committed: 523.
num_space_uncommitted: 0.
num_chunks_returned_to_freelist: 3.
num_chunks_taken_from_freelist: 1184.
num_chunk_merges: 3.
num_chunk_splits: 885.
num_chunks_enlarged: 692.
num_inconsistent_stats: 0.

CodeHeap 'non-profiled nmethods': size=120000Kb used=3267Kb max_used=3267Kb free=116732Kb
 bounds [0x00000224daa30000, 0x00000224dad70000, 0x00000224e1f60000]
CodeHeap 'profiled nmethods': size=120000Kb used=7347Kb max_used=7727Kb free=112652Kb
 bounds [0x00000224d2f60000, 0x00000224d36f0000, 0x00000224da490000]
CodeHeap 'non-nmethods': size=5760Kb used=1312Kb max_used=1428Kb free=4447Kb
 bounds [0x00000224da490000, 0x00000224da700000, 0x00000224daa30000]
 total_blobs=4535 nmethods=3893 adapters=553
 compilation: enabled
              stopped_count=0, restarted_count=0
 full_count=0

Compilation events (20 events):
Event: 11.631 Thread 0x00000224ee548090 4477       3       java.lang.Class::isAnonymousClass (27 bytes)
Event: 11.631 Thread 0x00000224ee548090 nmethod 4477 0x00000224d31ab510 code [0x00000224d31ab700, 0x00000224d31aba98]
Event: 11.632 Thread 0x00000224ee548090 4478       3       java.lang.reflect.Field::isSynthetic (8 bytes)
Event: 11.632 Thread 0x00000224ee548090 nmethod 4478 0x00000224d31ab110 code [0x00000224d31ab2a0, 0x00000224d31ab478]
Event: 11.632 Thread 0x00000224ee548090 4479       3       sun.reflect.generics.scope.ClassScope::make (9 bytes)
Event: 11.632 Thread 0x00000224f451c590 4480       4       java.nio.Buffer::hasRemaining (17 bytes)
Event: 11.632 Thread 0x00000224ee548090 nmethod 4479 0x00000224d31aab90 code [0x00000224d31aad40, 0x00000224d31ab018]
Event: 11.632 Thread 0x00000224ee548090 4481       3       java.nio.ByteBuffer::arrayOffset (35 bytes)
Event: 11.633 Thread 0x00000224ee548090 nmethod 4481 0x00000224d31aa590 code [0x00000224d31aa760, 0x00000224d31aaa38]
Event: 11.633 Thread 0x00000224f451c590 nmethod 4480 0x00000224dad5fc90 code [0x00000224dad5fe00, 0x00000224dad5fe98]
Event: 11.633 Thread 0x00000224ee548090 4482       3       java.nio.HeapByteBuffer::put (16 bytes)
Event: 11.633 Thread 0x00000224ee548090 nmethod 4482 0x00000224d31a9f10 code [0x00000224d31aa0e0, 0x00000224d31aa3c8]
Event: 11.633 Thread 0x00000224ee548090 4483       3       com.google.gson.internal.bind.TypeAdapters$30::create (20 bytes)
Event: 11.634 Thread 0x00000224ee548090 nmethod 4483 0x00000224d31a9a90 code [0x00000224d31a9c40, 0x00000224d31a9df8]
Event: 11.634 Thread 0x00000224ee548090 4484       3       sun.invoke.util.Wrapper::isDoubleWord (15 bytes)
Event: 11.634 Thread 0x00000224ee548090 nmethod 4484 0x00000224d31a9710 code [0x00000224d31a98a0, 0x00000224d31a9a18]
Event: 11.644 Thread 0x00000224ee548090 4489       3       com.google.gson.internal.Excluder::excludeClassInStrategy (64 bytes)
Event: 11.645 Thread 0x00000224ee548090 nmethod 4489 0x00000224d31a8d10 code [0x00000224d31a8f00, 0x00000224d31a9538]
Event: 11.665 Thread 0x00000224ee548090 4490       3       com.google.gson.internal.bind.JsonTreeReader::peekStack (12 bytes)
Event: 11.665 Thread 0x00000224ee548090 nmethod 4490 0x00000224d31a8990 code [0x00000224d31a8b20, 0x00000224d31a8c58]

GC Heap History (20 events):
Event: 9.172 GC heap before
{Heap before GC invocations=33 (full 0):
 garbage-first heap   total 354304K, used 150174K [0x0000000701e00000, 0x0000000800000000)
  region size 2048K, 2 young (4096K), 1 survivors (2048K)
 Metaspace       used 31445K, committed 31808K, reserved 1114112K
  class space    used 3348K, committed 3520K, reserved 1048576K
}
Event: 9.173 GC heap after
{Heap after GC invocations=34 (full 0):
 garbage-first heap   total 354304K, used 101028K [0x0000000701e00000, 0x0000000800000000)
  region size 2048K, 1 young (2048K), 1 survivors (2048K)
 Metaspace       used 31445K, committed 31808K, reserved 1114112K
  class space    used 3348K, committed 3520K, reserved 1048576K
}
Event: 9.436 GC heap before
{Heap before GC invocations=34 (full 0):
 garbage-first heap   total 354304K, used 152228K [0x0000000701e00000, 0x0000000800000000)
  region size 2048K, 3 young (6144K), 1 survivors (2048K)
 Metaspace       used 31446K, committed 31808K, reserved 1114112K
  class space    used 3348K, committed 3520K, reserved 1048576K
}
Event: 9.438 GC heap after
{Heap after GC invocations=35 (full 0):
 garbage-first heap   total 354304K, used 125604K [0x0000000701e00000, 0x0000000800000000)
  region size 2048K, 1 young (2048K), 1 survivors (2048K)
 Metaspace       used 31446K, committed 31808K, reserved 1114112K
  class space    used 3348K, committed 3520K, reserved 1048576K
}
Event: 9.571 GC heap before
{Heap before GC invocations=35 (full 0):
 garbage-first heap   total 354304K, used 150180K [0x0000000701e00000, 0x0000000800000000)
  region size 2048K, 2 young (4096K), 1 survivors (2048K)
 Metaspace       used 31463K, committed 31808K, reserved 1114112K
  class space    used 3348K, committed 3520K, reserved 1048576K
}
Event: 9.572 GC heap after
{Heap after GC invocations=36 (full 0):
 garbage-first heap   total 354304K, used 101033K [0x0000000701e00000, 0x0000000800000000)
  region size 2048K, 1 young (2048K), 1 survivors (2048K)
 Metaspace       used 31463K, committed 31808K, reserved 1114112K
  class space    used 3348K, committed 3520K, reserved 1048576K
}
Event: 9.864 GC heap before
{Heap before GC invocations=36 (full 0):
 garbage-first heap   total 354304K, used 152233K [0x0000000701e00000, 0x0000000800000000)
  region size 2048K, 3 young (6144K), 1 survivors (2048K)
 Metaspace       used 31467K, committed 31872K, reserved 1114112K
  class space    used 3348K, committed 3520K, reserved 1048576K
}
Event: 9.865 GC heap after
{Heap after GC invocations=37 (full 0):
 garbage-first heap   total 354304K, used 125619K [0x0000000701e00000, 0x0000000800000000)
  region size 2048K, 1 young (2048K), 1 survivors (2048K)
 Metaspace       used 31467K, committed 31872K, reserved 1114112K
  class space    used 3348K, committed 3520K, reserved 1048576K
}
Event: 9.994 GC heap before
{Heap before GC invocations=37 (full 0):
 garbage-first heap   total 354304K, used 152243K [0x0000000701e00000, 0x0000000800000000)
  region size 2048K, 3 young (6144K), 1 survivors (2048K)
 Metaspace       used 31469K, committed 31872K, reserved 1114112K
  class space    used 3348K, committed 3520K, reserved 1048576K
}
Event: 9.996 GC heap after
{Heap after GC invocations=38 (full 0):
 garbage-first heap   total 354304K, used 101044K [0x0000000701e00000, 0x0000000800000000)
  region size 2048K, 1 young (2048K), 1 survivors (2048K)
 Metaspace       used 31469K, committed 31872K, reserved 1114112K
  class space    used 3348K, committed 3520K, reserved 1048576K
}
Event: 10.263 GC heap before
{Heap before GC invocations=38 (full 0):
 garbage-first heap   total 354304K, used 154292K [0x0000000701e00000, 0x0000000800000000)
  region size 2048K, 4 young (8192K), 1 survivors (2048K)
 Metaspace       used 31537K, committed 31872K, reserved 1114112K
  class space    used 3355K, committed 3520K, reserved 1048576K
}
Event: 10.265 GC heap after
{Heap after GC invocations=39 (full 0):
 garbage-first heap   total 354304K, used 126415K [0x0000000701e00000, 0x0000000800000000)
  region size 2048K, 1 young (2048K), 1 survivors (2048K)
 Metaspace       used 31537K, committed 31872K, reserved 1114112K
  class space    used 3355K, committed 3520K, reserved 1048576K
}
Event: 10.459 GC heap before
{Heap before GC invocations=39 (full 0):
 garbage-first heap   total 354304K, used 171471K [0x0000000701e00000, 0x0000000800000000)
  region size 2048K, 12 young (24576K), 1 survivors (2048K)
 Metaspace       used 32216K, committed 32576K, reserved 1114112K
  class space    used 3416K, committed 3584K, reserved 1048576K
}
Event: 10.463 GC heap after
{Heap after GC invocations=40 (full 0):
 garbage-first heap   total 354304K, used 104384K [0x0000000701e00000, 0x0000000800000000)
  region size 2048K, 2 young (4096K), 2 survivors (4096K)
 Metaspace       used 32216K, committed 32576K, reserved 1114112K
  class space    used 3416K, committed 3584K, reserved 1048576K
}
Event: 10.887 GC heap before
{Heap before GC invocations=40 (full 0):
 garbage-first heap   total 354304K, used 165824K [0x0000000701e00000, 0x0000000800000000)
  region size 2048K, 9 young (18432K), 2 survivors (4096K)
 Metaspace       used 32723K, committed 33088K, reserved 1114112K
  class space    used 3489K, committed 3648K, reserved 1048576K
}
Event: 10.890 GC heap after
{Heap after GC invocations=41 (full 0):
 garbage-first heap   total 354304K, used 129709K [0x0000000701e00000, 0x0000000800000000)
  region size 2048K, 2 young (4096K), 2 survivors (4096K)
 Metaspace       used 32723K, committed 33088K, reserved 1114112K
  class space    used 3489K, committed 3648K, reserved 1048576K
}
Event: 11.088 GC heap before
{Heap before GC invocations=41 (full 0):
 garbage-first heap   total 354304K, used 156333K [0x0000000701e00000, 0x0000000800000000)
  region size 2048K, 4 young (8192K), 2 survivors (4096K)
 Metaspace       used 32727K, committed 33088K, reserved 1114112K
  class space    used 3489K, committed 3648K, reserved 1048576K
}
Event: 11.091 GC heap after
{Heap after GC invocations=42 (full 0):
 garbage-first heap   total 354304K, used 105137K [0x0000000701e00000, 0x0000000800000000)
  region size 2048K, 2 young (4096K), 2 survivors (4096K)
 Metaspace       used 32727K, committed 33088K, reserved 1114112K
  class space    used 3489K, committed 3648K, reserved 1048576K
}
Event: 11.440 GC heap before
{Heap before GC invocations=42 (full 0):
 garbage-first heap   total 354304K, used 158385K [0x0000000701e00000, 0x0000000800000000)
  region size 2048K, 5 young (10240K), 2 survivors (4096K)
 Metaspace       used 32915K, committed 33344K, reserved 1114112K
  class space    used 3511K, committed 3712K, reserved 1048576K
}
Event: 11.443 GC heap after
{Heap after GC invocations=43 (full 0):
 garbage-first heap   total 354304K, used 130189K [0x0000000701e00000, 0x0000000800000000)
  region size 2048K, 3 young (6144K), 3 survivors (6144K)
 Metaspace       used 32915K, committed 33344K, reserved 1114112K
  class space    used 3511K, committed 3712K, reserved 1048576K
}

Deoptimization events (20 events):
Event: 5.094 Thread 0x00000224cb6a1f30 DEOPT PACKING pc=0x00000224daa7b410 sp=0x000000375cbfbf80
Event: 5.094 Thread 0x00000224cb6a1f30 DEOPT UNPACKING pc=0x00000224da4e23a3 sp=0x000000375cbfbe40 mode 2
Event: 5.098 Thread 0x00000224cb6a1f30 Uncommon trap: trap_request=0xffffff54 fr.pc=0x00000224dac402d0 relative=0x0000000000000bb0
Event: 5.098 Thread 0x00000224cb6a1f30 Uncommon trap: reason=speculate_null_assert action=make_not_entrant pc=0x00000224dac402d0 method=jdk.internal.loader.BuiltinClassLoader$2.run()Ljava/util/List; @ 67 c2
Event: 5.098 Thread 0x00000224cb6a1f30 DEOPT PACKING pc=0x00000224dac402d0 sp=0x000000375cbfb920
Event: 5.098 Thread 0x00000224cb6a1f30 DEOPT UNPACKING pc=0x00000224da4e23a3 sp=0x000000375cbfb910 mode 2
Event: 5.142 Thread 0x00000224cb6a1f30 Uncommon trap: trap_request=0xffffff45 fr.pc=0x00000224dabce7f4 relative=0x00000000000001b4
Event: 5.142 Thread 0x00000224cb6a1f30 Uncommon trap: reason=unstable_if action=reinterpret pc=0x00000224dabce7f4 method=java.lang.ThreadLocal$ThreadLocalMap.getEntry(Ljava/lang/ThreadLocal;)Ljava/lang/ThreadLocal$ThreadLocalMap$Entry; @ 29 c2
Event: 5.142 Thread 0x00000224cb6a1f30 DEOPT PACKING pc=0x00000224dabce7f4 sp=0x000000375cbfbce0
Event: 5.142 Thread 0x00000224cb6a1f30 DEOPT UNPACKING pc=0x00000224da4e23a3 sp=0x000000375cbfbbf8 mode 2
Event: 5.960 Thread 0x00000224cb6a1f30 Uncommon trap: trap_request=0xffffff45 fr.pc=0x00000224dabfd91c relative=0x00000000000029bc
Event: 5.960 Thread 0x00000224cb6a1f30 Uncommon trap: reason=unstable_if action=reinterpret pc=0x00000224dabfd91c method=java.nio.channels.Channels$1.write([BII)V @ 46 c2
Event: 5.960 Thread 0x00000224cb6a1f30 DEOPT PACKING pc=0x00000224dabfd91c sp=0x000000375cbfbaa0
Event: 5.960 Thread 0x00000224cb6a1f30 DEOPT UNPACKING pc=0x00000224da4e23a3 sp=0x000000375cbfbaf0 mode 2
Event: 10.255 Thread 0x00000224cb6a1f30 DEOPT PACKING pc=0x00000224d3698342 sp=0x000000375cbf50d0
Event: 10.255 Thread 0x00000224cb6a1f30 DEOPT UNPACKING pc=0x00000224da4e2b43 sp=0x000000375cbf45e0 mode 0
Event: 10.256 Thread 0x00000224cb6a1f30 DEOPT PACKING pc=0x00000224d3698342 sp=0x000000375cbf50d0
Event: 10.256 Thread 0x00000224cb6a1f30 DEOPT UNPACKING pc=0x00000224da4e2b43 sp=0x000000375cbf45e0 mode 0
Event: 10.256 Thread 0x00000224cb6a1f30 DEOPT PACKING pc=0x00000224d3698342 sp=0x000000375cbf5140
Event: 10.256 Thread 0x00000224cb6a1f30 DEOPT UNPACKING pc=0x00000224da4e2b43 sp=0x000000375cbf4650 mode 0

Classes unloaded (0 events):
No events

Classes redefined (0 events):
No events

Internal exceptions (20 events):
Event: 6.325 Thread 0x00000224cb6a1f30 Exception <a 'sun/nio/fs/WindowsException'{0x0000000713c41ee8}> (0x0000000713c41ee8) 
thrown [s\open\src\hotspot\share\prims\jni.cpp, line 516]
Event: 6.326 Thread 0x00000224cb6a1f30 Exception <a 'sun/nio/fs/WindowsException'{0x0000000713c466a8}> (0x0000000713c466a8) 
thrown [s\open\src\hotspot\share\prims\jni.cpp, line 516]
Event: 6.326 Thread 0x00000224cb6a1f30 Exception <a 'sun/nio/fs/WindowsException'{0x0000000713c46a50}> (0x0000000713c46a50) 
thrown [s\open\src\hotspot\share\prims\jni.cpp, line 516]
Event: 6.327 Thread 0x00000224cb6a1f30 Exception <a 'sun/nio/fs/WindowsException'{0x0000000713c4b188}> (0x0000000713c4b188) 
thrown [s\open\src\hotspot\share\prims\jni.cpp, line 516]
Event: 6.327 Thread 0x00000224cb6a1f30 Exception <a 'sun/nio/fs/WindowsException'{0x0000000713c4b568}> (0x0000000713c4b568) 
thrown [s\open\src\hotspot\share\prims\jni.cpp, line 516]
Event: 6.328 Thread 0x00000224cb6a1f30 Exception <a 'sun/nio/fs/WindowsException'{0x0000000713c4fea0}> (0x0000000713c4fea0) 
thrown [s\open\src\hotspot\share\prims\jni.cpp, line 516]
Event: 6.328 Thread 0x00000224cb6a1f30 Exception <a 'sun/nio/fs/WindowsException'{0x0000000713c50260}> (0x0000000713c50260) 
thrown [s\open\src\hotspot\share\prims\jni.cpp, line 516]
Event: 6.329 Thread 0x00000224cb6a1f30 Exception <a 'sun/nio/fs/WindowsException'{0x0000000713c55820}> (0x0000000713c55820) 
thrown [s\open\src\hotspot\share\prims\jni.cpp, line 516]
Event: 6.329 Thread 0x00000224cb6a1f30 Exception <a 'sun/nio/fs/WindowsException'{0x0000000713c55ba0}> (0x0000000713c55ba0) 
thrown [s\open\src\hotspot\share\prims\jni.cpp, line 516]
Event: 6.335 Thread 0x00000224cb6a1f30 Exception <a 'sun/nio/fs/WindowsException'{0x0000000713c5c448}> (0x0000000713c5c448) 
thrown [s\open\src\hotspot\share\prims\jni.cpp, line 516]
Event: 6.335 Thread 0x00000224cb6a1f30 Exception <a 'sun/nio/fs/WindowsException'{0x0000000713c5c7a8}> (0x0000000713c5c7a8) 
thrown [s\open\src\hotspot\share\prims\jni.cpp, line 516]
Event: 6.340 Thread 0x00000224cb6a1f30 Exception <a 'sun/nio/fs/WindowsException'{0x0000000713c63060}> (0x0000000713c63060) 
thrown [s\open\src\hotspot\share\prims\jni.cpp, line 516]
Event: 6.340 Thread 0x00000224cb6a1f30 Exception <a 'sun/nio/fs/WindowsException'{0x0000000713c633d8}> (0x0000000713c633d8) 
thrown [s\open\src\hotspot\share\prims\jni.cpp, line 516]
Event: 6.366 Thread 0x00000224cb6a1f30 Exception <a 'java/lang/NoSuchMethodError'{0x0000000713c7c4d8}: 'void java.lang.invoke.DirectMethodHandle$Holder.invokeStatic(java.lang.Object, long)'> (0x0000000713c7c4d8) 
thrown [s\open\src\hotspot\share\interpreter\linkResolver.cpp, line 759]
Event: 6.366 Thread 0x00000224cb6a1f30 Exception <a 'java/lang/NoSuchMethodError'{0x0000000713c81dd0}: 'java.lang.Object java.lang.invoke.DirectMethodHandle$Holder.newInvokeSpecial(java.lang.Object, long)'> (0x0000000713c81dd0) 
thrown [s\open\src\hotspot\share\interpreter\linkResolver.cpp, line 759]
Event: 6.368 Thread 0x00000224cb6a1f30 Exception <a 'java/lang/NoSuchMethodError'{0x0000000713c8f648}: 'java.lang.Object java.lang.invoke.DirectMethodHandle$Holder.invokeStaticInit(java.lang.Object, java.lang.Object, long, java.lang.Object)'> (0x0000000713c8f648) 
thrown [s\open\src\hotspot\share\interpreter\linkResolver.cpp, line 759]
Event: 6.368 Thread 0x00000224cb6a1f30 Exception <a 'java/lang/NoSuchMethodError'{0x0000000713c95ec0}: 'java.lang.Object java.lang.invoke.DirectMethodHandle$Holder.newInvokeSpecial(java.lang.Object, java.lang.Object, long)'> (0x0000000713c95ec0) 
thrown [s\open\src\hotspot\share\interpreter\linkResolver.cpp, line 759]
Event: 6.369 Thread 0x00000224cb6a1f30 Exception <a 'java/lang/NoSuchMethodError'{0x0000000713c99cd8}: 'java.lang.Object java.lang.invoke.Invokers$Holder.linkToTargetMethod(java.lang.Object, long, java.lang.Object)'> (0x0000000713c99cd8) 
thrown [s\open\src\hotspot\share\interpreter\linkResolver.cpp, line 759]
Event: 11.631 Thread 0x00000224f6b0b570 Exception <a 'java/lang/OutOfMemoryError'{0x00000007177a1a70}: OutOfMemoryError> (0x00000007177a1a70) 
thrown [s\open\src\hotspot\share\prims\jni.cpp, line 535]
Event: 11.633 Thread 0x00000224f6b0b570 Exception <a 'java/lang/NullPointerException'{0x00000007177a9880}> (0x00000007177a9880) 
thrown [s\open\src\hotspot\share\interpreter\linkResolver.cpp, line 1350]

VM Operations (20 events):
Event: 9.571 Executing VM operation: G1TryInitiateConcMark
Event: 9.572 Executing VM operation: G1TryInitiateConcMark done
Event: 9.864 Executing VM operation: G1TryInitiateConcMark
Event: 9.865 Executing VM operation: G1TryInitiateConcMark done
Event: 9.994 Executing VM operation: G1TryInitiateConcMark
Event: 9.996 Executing VM operation: G1TryInitiateConcMark done
Event: 10.263 Executing VM operation: G1TryInitiateConcMark
Event: 10.265 Executing VM operation: G1TryInitiateConcMark done
Event: 10.459 Executing VM operation: G1TryInitiateConcMark
Event: 10.464 Executing VM operation: G1TryInitiateConcMark done
Event: 10.537 Executing VM operation: HandshakeAllThreads
Event: 10.537 Executing VM operation: HandshakeAllThreads done
Event: 10.887 Executing VM operation: G1TryInitiateConcMark
Event: 10.890 Executing VM operation: G1TryInitiateConcMark done
Event: 11.088 Executing VM operation: G1TryInitiateConcMark
Event: 11.091 Executing VM operation: G1TryInitiateConcMark done
Event: 11.169 Executing VM operation: HandshakeAllThreads
Event: 11.169 Executing VM operation: HandshakeAllThreads done
Event: 11.440 Executing VM operation: G1TryInitiateConcMark
Event: 11.443 Executing VM operation: G1TryInitiateConcMark done

Events (20 events):
Event: 10.426 loading class java/io/InvalidObjectException done
Event: 10.509 loading class java/util/concurrent/atomic/AtomicIntegerArray
Event: 10.509 loading class java/util/concurrent/atomic/AtomicIntegerArray done
Event: 10.575 loading class sun/misc/Unsafe
Event: 10.575 loading class sun/misc/Unsafe done
Event: 10.581 loading class java/util/concurrent/atomic/AtomicLongArray
Event: 10.581 loading class java/util/concurrent/atomic/AtomicLongArray done
Event: 11.168 loading class jdk/internal/reflect/UnsafeObjectFieldAccessorImpl
Event: 11.168 loading class jdk/internal/reflect/UnsafeObjectFieldAccessorImpl done
Event: 11.173 loading class jdk/internal/reflect/UnsafeIntegerFieldAccessorImpl
Event: 11.173 loading class jdk/internal/reflect/UnsafeIntegerFieldAccessorImpl done
Event: 11.180 loading class sun/reflect/generics/repository/FieldRepository
Event: 11.181 loading class sun/reflect/generics/repository/FieldRepository done
Event: 11.335 Thread 0x00000224f451a060 Thread exited: 0x00000224f451a060
Event: 11.631 loading class java/lang/Throwable$WrappedPrintStream
Event: 11.631 loading class java/lang/Throwable$PrintStreamOrWriter
Event: 11.631 loading class java/lang/Throwable$PrintStreamOrWriter done
Event: 11.631 loading class java/lang/Throwable$WrappedPrintStream done
Event: 11.631 loading class java/lang/StackTraceElement$HashedModules
Event: 11.632 loading class java/lang/StackTraceElement$HashedModules done


Dynamic libraries:
0x00007ff79b9c0000 - 0x00007ff79b9d0000 	C:\Program Files\Java\jdk-17\bin\java.exe
0x00007ffbd3410000 - 0x00007ffbd3627000 	C:\WINDOWS\SYSTEM32\ntdll.dll
0x00007ffbd2d10000 - 0x00007ffbd2dd4000 	C:\WINDOWS\System32\KERNEL32.DLL
0x00007ffbd0bd0000 - 0x00007ffbd0f7d000 	C:\WINDOWS\System32\KERNELBASE.dll
0x00007ffbd0820000 - 0x00007ffbd0931000 	C:\WINDOWS\System32\ucrtbase.dll
0x00007ffbc99a0000 - 0x00007ffbc99b9000 	C:\Program Files\Java\jdk-17\bin\jli.dll
0x00007ffbc9b40000 - 0x00007ffbc9b5b000 	C:\Program Files\Java\jdk-17\bin\VCRUNTIME140.dll
0x00007ffbd2880000 - 0x00007ffbd2932000 	C:\WINDOWS\System32\ADVAPI32.dll
0x00007ffbd1ae0000 - 0x00007ffbd1b87000 	C:\WINDOWS\System32\msvcrt.dll
0x00007ffbd3320000 - 0x00007ffbd33c9000 	C:\WINDOWS\System32\sechost.dll
0x00007ffbd0730000 - 0x00007ffbd0758000 	C:\WINDOWS\System32\bcrypt.dll
0x00007ffbd2500000 - 0x00007ffbd2614000 	C:\WINDOWS\System32\RPCRT4.dll
0x00007ffbd1220000 - 0x00007ffbd13ce000 	C:\WINDOWS\System32\USER32.dll
0x00007ffbd0ba0000 - 0x00007ffbd0bc6000 	C:\WINDOWS\System32\win32u.dll
0x00007ffbbc420000 - 0x00007ffbbc6b3000 	C:\WINDOWS\WinSxS\amd64_microsoft.windows.common-controls_6595b64144ccf1df_6.0.22621.3672_none_2713b9d173822955\COMCTL32.dll
0x00007ffbd2940000 - 0x00007ffbd2969000 	C:\WINDOWS\System32\GDI32.dll
0x00007ffbd1020000 - 0x00007ffbd1139000 	C:\WINDOWS\System32\gdi32full.dll
0x00007ffbd0f80000 - 0x00007ffbd101a000 	C:\WINDOWS\System32\msvcp_win.dll
0x00007ffbc8d50000 - 0x00007ffbc8d5a000 	C:\WINDOWS\SYSTEM32\VERSION.dll
0x00007ffbd1810000 - 0x00007ffbd1841000 	C:\WINDOWS\System32\IMM32.DLL
0x00007ffbc9de0000 - 0x00007ffbc9dec000 	C:\Program Files\Java\jdk-17\bin\vcruntime140_1.dll
0x00007ffbb99f0000 - 0x00007ffbb9a7e000 	C:\Program Files\Java\jdk-17\bin\msvcp140.dll
0x00007ffb93040000 - 0x00007ffb93c20000 	C:\Program Files\Java\jdk-17\bin\server\jvm.dll
0x00007ffbd24f0000 - 0x00007ffbd24f8000 	C:\WINDOWS\System32\PSAPI.DLL
0x00007ffbc8d60000 - 0x00007ffbc8d94000 	C:\WINDOWS\SYSTEM32\WINMM.dll
0x00007ffbc9bc0000 - 0x00007ffbc9bc9000 	C:\WINDOWS\SYSTEM32\WSOCK32.dll
0x00007ffbd2970000 - 0x00007ffbd29e1000 	C:\WINDOWS\System32\WS2_32.dll
0x00007ffbcf760000 - 0x00007ffbcf778000 	C:\WINDOWS\SYSTEM32\kernel.appcore.dll
0x00007ffbc9700000 - 0x00007ffbc970a000 	C:\Program Files\Java\jdk-17\bin\jimage.dll
0x00007ffbce000000 - 0x00007ffbce232000 	C:\WINDOWS\SYSTEM32\DBGHELP.DLL
0x00007ffbd1460000 - 0x00007ffbd17ed000 	C:\WINDOWS\System32\combase.dll
0x00007ffbd1140000 - 0x00007ffbd1217000 	C:\WINDOWS\System32\OLEAUT32.dll
0x00007ffbac6d0000 - 0x00007ffbac702000 	C:\WINDOWS\SYSTEM32\dbgcore.DLL
0x00007ffbd09b0000 - 0x00007ffbd0a2b000 	C:\WINDOWS\System32\bcryptPrimitives.dll
0x00007ffbc89d0000 - 0x00007ffbc89de000 	C:\Program Files\Java\jdk-17\bin\instrument.dll
0x00007ffbc8e70000 - 0x00007ffbc8e95000 	C:\Program Files\Java\jdk-17\bin\java.dll
0x00007ffb96cf0000 - 0x00007ffb96dc7000 	C:\Program Files\Java\jdk-17\bin\jsvml.dll
0x00007ffbd1b90000 - 0x00007ffbd23f8000 	C:\WINDOWS\System32\SHELL32.dll
0x00007ffbce680000 - 0x00007ffbcef7e000 	C:\WINDOWS\SYSTEM32\windows.storage.dll
0x00007ffbce540000 - 0x00007ffbce67f000 	C:\WINDOWS\SYSTEM32\wintypes.dll
0x00007ffbd1880000 - 0x00007ffbd1979000 	C:\WINDOWS\System32\SHCORE.dll
0x00007ffbd1a80000 - 0x00007ffbd1ade000 	C:\WINDOWS\System32\shlwapi.dll
0x00007ffbd0660000 - 0x00007ffbd0681000 	C:\WINDOWS\SYSTEM32\profapi.dll
0x00007ffbba920000 - 0x00007ffbba938000 	C:\Program Files\Java\jdk-17\bin\zip.dll
0x00007ffbc8da0000 - 0x00007ffbc8db9000 	C:\Program Files\Java\jdk-17\bin\net.dll
0x00007ffbc95b0000 - 0x00007ffbc96e6000 	C:\WINDOWS\SYSTEM32\WINHTTP.dll
0x00007ffbcfbd0000 - 0x00007ffbcfc39000 	C:\WINDOWS\system32\mswsock.dll
0x00007ffbc6cb0000 - 0x00007ffbc6cc6000 	C:\Program Files\Java\jdk-17\bin\nio.dll
0x00007ffbc6c40000 - 0x00007ffbc6c4a000 	C:\Program Files\Java\jdk-17\bin\management.dll
0x00007ffbc5fa0000 - 0x00007ffbc5fab000 	C:\Program Files\Java\jdk-17\bin\management_ext.dll
0x00007ffbcfe30000 - 0x00007ffbcfe4b000 	C:\WINDOWS\SYSTEM32\CRYPTSP.dll
0x00007ffbcf6c0000 - 0x00007ffbcf6f5000 	C:\WINDOWS\system32\rsaenh.dll
0x00007ffbcfcd0000 - 0x00007ffbcfcf8000 	C:\WINDOWS\SYSTEM32\USERENV.dll
0x00007ffbcfe50000 - 0x00007ffbcfe5c000 	C:\WINDOWS\SYSTEM32\CRYPTBASE.dll
0x00007ffbcf1e0000 - 0x00007ffbcf20d000 	C:\WINDOWS\SYSTEM32\IPHLPAPI.DLL
0x00007ffbd2400000 - 0x00007ffbd2409000 	C:\WINDOWS\System32\NSI.dll
0x00007ffbc9490000 - 0x00007ffbc94a9000 	C:\WINDOWS\SYSTEM32\dhcpcsvc6.DLL
0x00007ffbc92a0000 - 0x00007ffbc92bf000 	C:\WINDOWS\SYSTEM32\dhcpcsvc.DLL
0x00007ffbcf250000 - 0x00007ffbcf348000 	C:\WINDOWS\SYSTEM32\DNSAPI.dll
0x00007ffbc96f0000 - 0x00007ffbc9700000 	C:\Program Files\Java\jdk-17\bin\verify.dll
0x00007ffb96b50000 - 0x00007ffb96ce1000 	C:\Program Files\Java\jdk-17\bin\awt.dll
0x00007ffbc8af0000 - 0x00007ffbc8b87000 	C:\WINDOWS\SYSTEM32\apphelp.dll
0x00007ffbcd800000 - 0x00007ffbcd8b0000 	C:\WINDOWS\system32\uxtheme.dll
0x00007ffbd2bb0000 - 0x00007ffbd2d0b000 	C:\WINDOWS\System32\MSCTF.dll
0x00007ffbd2620000 - 0x00007ffbd27c5000 	C:\WINDOWS\System32\ole32.dll
0x00007ffbcda60000 - 0x00007ffbcda8b000 	C:\WINDOWS\system32\DWMAPI.DLL
0x00007ffbbba10000 - 0x00007ffbbbb10000 	C:\WINDOWS\system32\opengl32.dll
0x00007ffbbcf00000 - 0x00007ffbbcf2d000 	C:\WINDOWS\SYSTEM32\GLU32.dll
0x00007ffbcd900000 - 0x00007ffbcd937000 	C:\WINDOWS\SYSTEM32\dxcore.dll
0x00007ffb62370000 - 0x00007ffb62387000 	C:\WINDOWS\system32\napinsp.dll
0x00007ffb62350000 - 0x00007ffb6236b000 	C:\WINDOWS\system32\pnrpnsp.dll
0x00007ffb97a00000 - 0x00007ffb97a27000 	C:\WINDOWS\system32\nlansp_c.dll
0x00007ffb62330000 - 0x00007ffb62341000 	C:\WINDOWS\System32\winrnr.dll
0x00007ffbb71b0000 - 0x00007ffbb71c5000 	C:\WINDOWS\system32\wshbth.dll
0x00007ffbb8f90000 - 0x00007ffbb8f9a000 	C:\Windows\System32\rasadhlp.dll
0x00007ffbc7ca0000 - 0x00007ffbc7d23000 	C:\WINDOWS\System32\fwpuclnt.dll

dbghelp: loaded successfully - version: 4.0.5 - missing functions: none
symbol engine: initialized successfully - sym options: 0x614 - pdb path: .;C:\Program Files\Java\jdk-17\bin;C:\WINDOWS\SYSTEM32;C:\WINDOWS\WinSxS\amd64_microsoft.windows.common-controls_6595b64144ccf1df_6.0.22621.3672_none_2713b9d173822955;C:\Program Files\Java\jdk-17\bin\server

VM Arguments:
jvm_args: -javaagent:C:\Users\cheth\.m2\repository/org/aspectj/aspectjweaver/1.9.4/aspectjweaver-1.9.4.jar 
java_command: C:\Users\cheth\AppData\Local\Temp\surefire2670663691100969138\surefirebooter-20250220195231693_3.jar C:\Users\cheth\AppData\Local\Temp\surefire2670663691100969138 2025-02-20T19-52-31_461-jvmRun1 surefire-20250220195231693_1tmp surefire_0-20250220195231693_2tmp
java_class_path (initial): C:\Users\cheth\AppData\Local\Temp\surefire2670663691100969138\surefirebooter-20250220195231693_3.jar
Launcher Type: SUN_STANDARD

[Global flags]
     intx CICompilerCount                          = 4                                         {product} {ergonomic}
     uint ConcGCThreads                            = 2                                         {product} {ergonomic}
     uint G1ConcRefinementThreads                  = 8                                         {product} {ergonomic}
   size_t G1HeapRegionSize                         = 2097152                                   {product} {ergonomic}
    uintx GCDrainStackTargetSize                   = 64                                        {product} {ergonomic}
   size_t InitialHeapSize                          = 268435456                                 {product} {ergonomic}
   size_t MarkStackSize                            = 4194304                                   {product} {ergonomic}
   size_t MaxHeapSize                              = 4263510016                                {product} {ergonomic}
   size_t MaxNewSize                               = 2556428288                                {product} {ergonomic}
   size_t MinHeapDeltaBytes                        = 2097152                                   {product} {ergonomic}
   size_t MinHeapSize                              = 8388608                                   {product} {ergonomic}
    uintx NonNMethodCodeHeapSize                   = 5839372                                {pd product} {ergonomic}
    uintx NonProfiledCodeHeapSize                  = 122909434                              {pd product} {ergonomic}
    uintx ProfiledCodeHeapSize                     = 122909434                              {pd product} {ergonomic}
    uintx ReservedCodeCacheSize                    = 251658240                              {pd product} {ergonomic}
     bool SegmentedCodeCache                       = true                                      {product} {ergonomic}
   size_t SoftMaxHeapSize                          = 4263510016                             {manageable} {ergonomic}
     bool UseCompressedClassPointers               = true                           {product lp64_product} {ergonomic}
     bool UseCompressedOops                        = true                           {product lp64_product} {ergonomic}
     bool UseG1GC                                  = true                                      {product} {ergonomic}
     bool UseLargePagesIndividualAllocation        = false                                  {pd product} {ergonomic}

Logging:
Log output configuration:
 #0: stdout all=warning uptime,level,tags
 #1: stderr all=off uptime,level,tags

Environment Variables:
JAVA_HOME=C:\Program Files\Java\jdk-17
PATH=C:/Users/cheth/.p2/pool/plugins/org.eclipse.justj.openjdk.hotspot.jre.full.win32.x86_64_23.0.2.v20250131-0604/jre/bin/server;C:/Users/cheth/.p2/pool/plugins/org.eclipse.justj.openjdk.hotspot.jre.full.win32.x86_64_23.0.2.v20250131-0604/jre/bin;C:\Program Files\Python312\Scripts\;C:\Program Files\Python312\;C:\Program Files\Common Files\Oracle\Java\javapath;C:\WINDOWS\system32;C:\WINDOWS;C:\WINDOWS\System32\Wbem;C:\WINDOWS\System32\WindowsPowerShell\v1.0\;C:\WINDOWS\System32\OpenSSH\;C:\Program Files\Java\jdk-17\bin;C:\apache-maven-3.9.8\bin;C:\Program Files\Git\cmd;C:\Users\cheth\AppData\Local\Programs\Python\Launcher\;C:\Users\cheth\AppData\Local\Microsoft\WindowsApps;C:\Program Files\JetBrains\IntelliJ IDEA Community Edition 2024.2.0.1\bin;;C:\Program Files\JetBrains\PyCharm Community Edition 2024.3.3\bin;;C:\Users\cheth\AppData\Local\GitHubDesktop\bin;C:\WINDOWS\system32;
USERNAME=Divyanshu
OS=Windows_NT
PROCESSOR_IDENTIFIER=Intel64 Family 6 Model 142 Stepping 10, GenuineIntel



---------------  S Y S T E M  ---------------

OS:
 Windows 11 , 64 bit Build 22621 (10.0.22621.3958)
OS uptime: 0 days 11:39 hours

CPU: total 8 (initial active 8) (4 cores per cpu, 2 threads per core) family 6 model 142 stepping 10 microcode 0xec, cx8, cmov, fxsr, ht, mmx, 3dnowpref, sse, sse2, sse3, ssse3, sse4.1, sse4.2, popcnt, lzcnt, tsc, tscinvbit, avx, avx2, aes, erms, clmul, bmi1, bmi2, rtm, adx, fma, vzeroupper, clflush, clflushopt

Memory: 4k page, system-wide physical 16262M (4007M free)
TotalPageFile size 16262M (AvailPageFile size 1M)
current process WorkingSet (physical memory assigned to process): 379M, peak: 413M
current process commit charge ("private bytes"): 543M, peak: 573M

vm_info: Java HotSpot(TM) 64-Bit Server VM (17.0.12+8-LTS-286) for windows-amd64 JRE (17.0.12+8-LTS-286), built on Jun  5 2024 06:46:59 by "mach5one" with MS VC++ 17.6 (VS2022)

END.
