#
# There is insufficient memory for the Java Runtime Environment to continue.
# Native memory allocation (mmap) failed to map 79691776 bytes for G1 virtual space
# Possible reasons:
#   The system is out of physical RAM or swap space
#   The process is running with CompressedOops enabled, and the Java Heap may be blocking the growth of the native heap
# Possible solutions:
#   Reduce memory load on the system
#   Increase physical memory or swap space
#   Check if swap backing store is full
#   Decrease Java heap size (-Xmx/-Xms)
#   Decrease number of Java threads
#   Decrease Java thread stack sizes (-Xss)
#   Set larger code cache with -XX:ReservedCodeCacheSize=
#   JVM is running with Zero Based Compressed Oops mode in which the Java heap is
#     placed in the first 32GB address space. The Java Heap base address is the
#     maximum limit for the native heap growth. Please use -XX:HeapBaseMinAddress
#     to set the Java Heap base and to place the Java Heap above 32GB virtual address.
# This output file may be truncated or incomplete.
#
#  Out of Memory Error (os_windows.cpp:3548), pid=41004, tid=41056
#
# JRE version: Java(TM) SE Runtime Environment (17.0.12+8) (build 17.0.12+8-LTS-286)
# Java VM: Java HotSpot(TM) 64-Bit Server VM (17.0.12+8-LTS-286, mixed mode, sharing, tiered, compressed oops, compressed class ptrs, g1 gc, windows-amd64)
# No core dump will be written. Minidumps are not enabled by default on client versions of Windows
#

---------------  S U M M A R Y ------------

Command Line: -javaagent:C:\Users\cheth\.m2\repository/org/aspectj/aspectjweaver/1.9.4/aspectjweaver-1.9.4.jar C:\Users\cheth\AppData\Local\Temp\surefire8673620067968228578\surefirebooter-20250220195122892_3.jar C:\Users\cheth\AppData\Local\Temp\surefire8673620067968228578 2025-02-20T19-51-22_693-jvmRun1 surefire-20250220195122892_1tmp surefire_0-20250220195122892_2tmp

Host: Intel(R) Core(TM) i7-8650U CPU @ 1.90GHz, 8 cores, 15G,  Windows 11 , 64 bit Build 22621 (10.0.22621.3958)
Time: Thu Feb 20 19:51:30 2025 India Standard Time elapsed time: 6.977908 seconds (0d 0h 0m 6s)

---------------  T H R E A D  ---------------

Current thread (0x00000233de890e10):  VMThread "VM Thread" [stack: 0x00000056ece00000,0x00000056ecf00000] [id=41056]

Stack: [0x00000056ece00000,0x00000056ecf00000]
Native frames: (J=compiled Java code, j=interpreted, Vv=VM code, C=native code)
V  [jvm.dll+0x67a04a]
V  [jvm.dll+0x7da4ed]
V  [jvm.dll+0x7dbe33]
V  [jvm.dll+0x7dc4a3]
V  [jvm.dll+0x24508f]
V  [jvm.dll+0x677089]
V  [jvm.dll+0x66bd32]
V  [jvm.dll+0x301fa6]
V  [jvm.dll+0x309546]
V  [jvm.dll+0x359d2e]
V  [jvm.dll+0x359f5f]
V  [jvm.dll+0x2d9078]
V  [jvm.dll+0x2d74ad]
V  [jvm.dll+0x2d6afc]
V  [jvm.dll+0x31a981]
V  [jvm.dll+0x7e0d9b]
V  [jvm.dll+0x7e1ad4]
V  [jvm.dll+0x7e1fed]
V  [jvm.dll+0x7e23c4]
V  [jvm.dll+0x7e2490]
V  [jvm.dll+0x78abea]
V  [jvm.dll+0x678f35]
C  [ucrtbase.dll+0x29333]
C  [KERNEL32.DLL+0x1257d]
C  [ntdll.dll+0x5af28]

VM_Operation (0x00000056eecfe928): G1TryInitiateConcMark, mode: safepoint, requested by thread 0x0000023424c53870


---------------  P R O C E S S  ---------------

Threads class SMR info:
_java_thread_list=0x0000023428970fb0, length=21, elements={
0x00000233b9b90730, 0x00000233de896a20, 0x00000233de8978a0, 0x00000233de8af1d0,
0x00000233de8afd90, 0x00000233de8b2b60, 0x00000233de8b3520, 0x00000233de8b42c0,
0x00000233de8b5d80, 0x00000233de8bbc90, 0x00000233de8823d0, 0x00000234244c4590,
0x0000023424c52940, 0x0000023424c55be0, 0x0000023424c52430, 0x0000023424c547a0,
0x0000023424c54290, 0x0000023424c551c0, 0x0000023424c556d0, 0x0000023424c53870,
0x0000023424c52e50
}

Java Threads: ( => current thread )
  0x00000233b9b90730 JavaThread "main" [_thread_in_native, id=41032, stack(0x00000056ec800000,0x00000056ec900000)]
  0x00000233de896a20 JavaThread "Reference Handler" daemon [_thread_blocked, id=41060, stack(0x00000056ecf00000,0x00000056ed000000)]
  0x00000233de8978a0 JavaThread "Finalizer" daemon [_thread_blocked, id=41064, stack(0x00000056ed000000,0x00000056ed100000)]
  0x00000233de8af1d0 JavaThread "Signal Dispatcher" daemon [_thread_blocked, id=41068, stack(0x00000056ed100000,0x00000056ed200000)]
  0x00000233de8afd90 JavaThread "Attach Listener" daemon [_thread_blocked, id=41072, stack(0x00000056ed200000,0x00000056ed300000)]
  0x00000233de8b2b60 JavaThread "Service Thread" daemon [_thread_blocked, id=41076, stack(0x00000056ed300000,0x00000056ed400000)]
  0x00000233de8b3520 JavaThread "Monitor Deflation Thread" daemon [_thread_blocked, id=41080, stack(0x00000056ed400000,0x00000056ed500000)]
  0x00000233de8b42c0 JavaThread "C2 CompilerThread0" daemon [_thread_blocked, id=41084, stack(0x00000056ed500000,0x00000056ed600000)]
  0x00000233de8b5d80 JavaThread "C1 CompilerThread0" daemon [_thread_blocked, id=41088, stack(0x00000056ed600000,0x00000056ed700000)]
  0x00000233de8bbc90 JavaThread "Sweeper thread" daemon [_thread_blocked, id=41092, stack(0x00000056ed700000,0x00000056ed800000)]
  0x00000233de8823d0 JavaThread "Common-Cleaner" daemon [_thread_blocked, id=41096, stack(0x00000056ed800000,0x00000056ed900000)]
  0x00000234244c4590 JavaThread "Notification Thread" daemon [_thread_blocked, id=41104, stack(0x00000056eda00000,0x00000056edb00000)]
  0x0000023424c52940 JavaThread "surefire-forkedjvm-stream-flusher" daemon [_thread_blocked, id=41140, stack(0x00000056ee200000,0x00000056ee300000)]
  0x0000023424c55be0 JavaThread "surefire-forkedjvm-command-thread" daemon [_thread_in_native, id=41144, stack(0x00000056ee300000,0x00000056ee400000)]
  0x0000023424c52430 JavaThread "Java2D Disposer" daemon [_thread_blocked, id=41184, stack(0x00000056ee700000,0x00000056ee800000)]
  0x0000023424c547a0 JavaThread "AWT-Shutdown" [_thread_blocked, id=41188, stack(0x00000056ee800000,0x00000056ee900000)]
  0x0000023424c54290 JavaThread "AWT-Windows" daemon [_thread_in_native, id=41192, stack(0x00000056ee900000,0x00000056eea00000)]
  0x0000023424c551c0 JavaThread "Image Fetcher 0" daemon [_thread_blocked, id=41196, stack(0x00000056eea00000,0x00000056eeb00000)]
  0x0000023424c556d0 JavaThread "Thread-1" [_thread_blocked, id=41204, stack(0x00000056eeb00000,0x00000056eec00000)]
  0x0000023424c53870 JavaThread "pool-2-thread-1" [_thread_blocked, id=41208, stack(0x00000056eec00000,0x00000056eed00000)]
  0x0000023424c52e50 JavaThread "pool-3-thread-1" [_thread_blocked, id=41212, stack(0x00000056eed00000,0x00000056eee00000)]

Other Threads:
=>0x00000233de890e10 VMThread "VM Thread" [stack: 0x00000056ece00000,0x00000056ecf00000] [id=41056]
  0x00000233b9c26080 WatcherThread [stack: 0x00000056edb00000,0x00000056edc00000] [id=41108]
  0x00000233b9bfdd60 GCTaskThread "GC Thread#0" [stack: 0x00000056ec900000,0x00000056eca00000] [id=41036]
  0x0000023425005df0 GCTaskThread "GC Thread#1" [stack: 0x00000056edd00000,0x00000056ede00000] [id=41120]
  0x0000023424a93060 GCTaskThread "GC Thread#2" [stack: 0x00000056ede00000,0x00000056edf00000] [id=41124]
  0x0000023425256720 GCTaskThread "GC Thread#3" [stack: 0x00000056edf00000,0x00000056ee000000] [id=41128]
  0x00000234252569e0 GCTaskThread "GC Thread#4" [stack: 0x00000056ee000000,0x00000056ee100000] [id=41132]
  0x0000023424b2e030 GCTaskThread "GC Thread#5" [stack: 0x00000056ee100000,0x00000056ee200000] [id=41136]
  0x000002342665fcf0 GCTaskThread "GC Thread#6" [stack: 0x00000056ee400000,0x00000056ee500000] [id=41156]
  0x0000023426114b90 GCTaskThread "GC Thread#7" [stack: 0x00000056ee500000,0x00000056ee600000] [id=41160]
  0x00000233b9c0fad0 ConcurrentGCThread "G1 Main Marker" [stack: 0x00000056eca00000,0x00000056ecb00000] [id=41040]
  0x00000233b9c10c80 ConcurrentGCThread "G1 Conc#0" [stack: 0x00000056ecb00000,0x00000056ecc00000] [id=41044]
  0x000002342843b3b0 ConcurrentGCThread "G1 Conc#1" [stack: 0x00000056ee600000,0x00000056ee700000] [id=41180]
  0x00000233b9c5e970 ConcurrentGCThread "G1 Refine#0" [stack: 0x00000056ecc00000,0x00000056ecd00000] [id=41048]
  0x0000023427f056c0 ConcurrentGCThread "G1 Refine#1" [stack: 0x00000056eee00000,0x00000056eef00000] [id=41216]
  0x000002342942bc30 ConcurrentGCThread "G1 Refine#2" [stack: 0x00000056eef00000,0x00000056ef000000] [id=41220]
  0x00000233de74c520 ConcurrentGCThread "G1 Service" [stack: 0x00000056ecd00000,0x00000056ece00000] [id=41052]

Threads with active compile tasks:

VM state: at safepoint (normal execution)

VM Mutex/Monitor currently owned by a thread:  ([mutex/lock_event])
[0x00000233b9b8b9b0] Threads_lock - owner thread: 0x00000233de890e10
[0x00000233b9b8c610] Heap_lock - owner thread: 0x0000023424c53870

Heap address: 0x0000000701e00000, size: 4066 MB, Compressed Oops mode: Zero based, Oop shift amount: 3

CDS archive(s) mapped at: [0x00000233df000000-0x00000233dfbd0000-0x00000233dfbd0000), size 12386304, SharedBaseAddress: 0x00000233df000000, ArchiveRelocationMode: 1.
Compressed class space mapped at: 0x00000233e0000000-0x0000023420000000, reserved size: 1073741824
Narrow klass base: 0x00000233df000000, Narrow klass shift: 0, Narrow klass range: 0x100000000

GC Precious Log:
 CPUs: 8 total, 8 available
 Memory: 16262M
 Large Page Support: Disabled
 NUMA Support: Disabled
 Compressed Oops: Enabled (Zero based)
 Heap Region Size: 2M
 Heap Min Capacity: 8M
 Heap Initial Capacity: 256M
 Heap Max Capacity: 4066M
 Pre-touch: Disabled
 Parallel Workers: 8
 Concurrent Workers: 2
 Concurrent Refinement Workers: 8
 Periodic GC: Disabled

Heap:
 garbage-first heap   total 385024K, used 157609K [0x0000000701e00000, 0x0000000800000000)
  region size 2048K, 1 young (2048K), 1 survivors (2048K)
 Metaspace       used 31516K, committed 31872K, reserved 1114112K
  class space    used 3355K, committed 3520K, reserved 1048576K

Heap Regions: E=young(eden), S=young(survivor), O=old, HS=humongous(starts), HC=humongous(continues), CS=collection set, F=free, OA=open archive, CA=closed archive, TAMS=top-at-mark-start (previous, next)
|   0|0x0000000701e00000, 0x0000000702000000, 0x0000000702000000|100%|HS|  |TAMS 0x0000000702000000, 0x0000000702000000| Complete 
|   1|0x0000000702000000, 0x0000000702200000, 0x0000000702200000|100%|HS|  |TAMS 0x0000000702200000, 0x0000000702200000| Complete 
|   2|0x0000000702200000, 0x0000000702400000, 0x0000000702400000|100%| O|  |TAMS 0x0000000702400000, 0x0000000702400000| Untracked 
|   3|0x0000000702400000, 0x0000000702600000, 0x0000000702600000|100%| O|  |TAMS 0x0000000702600000, 0x0000000702600000| Untracked 
|   4|0x0000000702600000, 0x0000000702800000, 0x0000000702800000|100%| O|  |TAMS 0x0000000702800000, 0x0000000702800000| Untracked 
|   5|0x0000000702800000, 0x0000000702a00000, 0x0000000702a00000|100%| O|  |TAMS 0x0000000702a00000, 0x0000000702a00000| Untracked 
|   6|0x0000000702a00000, 0x0000000702c00000, 0x0000000702c00000|100%| O|  |TAMS 0x0000000702c00000, 0x0000000702c00000| Untracked 
|   7|0x0000000702c00000, 0x0000000702e00000, 0x0000000702e00000|100%| O|  |TAMS 0x0000000702e00000, 0x0000000702e00000| Untracked 
|   8|0x0000000702e00000, 0x0000000703000000, 0x0000000703000000|100%| O|  |TAMS 0x0000000703000000, 0x0000000703000000| Untracked 
|   9|0x0000000703000000, 0x0000000703200000, 0x0000000703200000|100%| O|  |TAMS 0x0000000703200000, 0x0000000703200000| Untracked 
|  10|0x0000000703200000, 0x0000000703400000, 0x0000000703400000|100%| O|  |TAMS 0x0000000703400000, 0x0000000703400000| Untracked 
|  11|0x0000000703400000, 0x0000000703600000, 0x0000000703600000|100%| O|  |TAMS 0x0000000703600000, 0x0000000703600000| Untracked 
|  12|0x0000000703600000, 0x0000000703800000, 0x0000000703800000|100%| O|  |TAMS 0x0000000703800000, 0x0000000703800000| Untracked 
|  13|0x0000000703800000, 0x0000000703a00000, 0x0000000703a00000|100%| O|  |TAMS 0x0000000703920600, 0x0000000703a00000| Untracked 
|  14|0x0000000703a00000, 0x0000000703c00000, 0x0000000703c00000|100%| O|  |TAMS 0x0000000703a00000, 0x0000000703c00000| Untracked 
|  15|0x0000000703c00000, 0x0000000703e00000, 0x0000000703e00000|100%| O|  |TAMS 0x0000000703c00000, 0x0000000703e00000| Untracked 
|  16|0x0000000703e00000, 0x0000000704000000, 0x0000000704000000|100%| O|  |TAMS 0x0000000703e00000, 0x0000000704000000| Untracked 
|  17|0x0000000704000000, 0x0000000704200000, 0x0000000704200000|100%| O|  |TAMS 0x0000000704000000, 0x0000000704200000| Untracked 
|  18|0x0000000704200000, 0x0000000704400000, 0x0000000704400000|100%| O|  |TAMS 0x0000000704200000, 0x0000000704400000| Untracked 
|  19|0x0000000704400000, 0x0000000704600000, 0x0000000704600000|100%| O|  |TAMS 0x0000000704400000, 0x0000000704600000| Untracked 
|  20|0x0000000704600000, 0x0000000704800000, 0x0000000704800000|100%| O|  |TAMS 0x0000000704600000, 0x0000000704800000| Untracked 
|  21|0x0000000704800000, 0x0000000704a00000, 0x0000000704a00000|100%| O|  |TAMS 0x0000000704800000, 0x0000000704a00000| Untracked 
|  22|0x0000000704a00000, 0x0000000704c00000, 0x0000000704c00000|100%| O|  |TAMS 0x0000000704a00000, 0x0000000704c00000| Untracked 
|  23|0x0000000704c00000, 0x0000000704c00000, 0x0000000704e00000|  0%| F|  |TAMS 0x0000000704c00000, 0x0000000704c00000| Untracked 
|  24|0x0000000704e00000, 0x0000000705000000, 0x0000000705000000|100%|HS|  |TAMS 0x0000000704e00000, 0x0000000705000000| Complete 
|  25|0x0000000705000000, 0x0000000705200000, 0x0000000705200000|100%|HC|  |TAMS 0x0000000705000000, 0x0000000705200000| Complete 
|  26|0x0000000705200000, 0x0000000705400000, 0x0000000705400000|100%|HS|  |TAMS 0x0000000705200000, 0x0000000705400000| Complete 
|  27|0x0000000705400000, 0x0000000705600000, 0x0000000705600000|100%|HC|  |TAMS 0x0000000705400000, 0x0000000705600000| Complete 
|  28|0x0000000705600000, 0x0000000705800000, 0x0000000705800000|100%|HS|  |TAMS 0x0000000705600000, 0x0000000705800000| Complete 
|  29|0x0000000705800000, 0x0000000705a00000, 0x0000000705a00000|100%|HC|  |TAMS 0x0000000705800000, 0x0000000705a00000| Complete 
|  30|0x0000000705a00000, 0x0000000705c00000, 0x0000000705c00000|100%|HS|  |TAMS 0x0000000705a00000, 0x0000000705c00000| Complete 
|  31|0x0000000705c00000, 0x0000000705e00000, 0x0000000705e00000|100%|HC|  |TAMS 0x0000000705c00000, 0x0000000705e00000| Complete 
|  32|0x0000000705e00000, 0x0000000706000000, 0x0000000706000000|100%|HS|  |TAMS 0x0000000705e00000, 0x0000000706000000| Complete 
|  33|0x0000000706000000, 0x0000000706200000, 0x0000000706200000|100%| O|  |TAMS 0x0000000706000000, 0x0000000706200000| Untracked 
|  34|0x0000000706200000, 0x0000000706400000, 0x0000000706400000|100%| O|  |TAMS 0x0000000706200000, 0x0000000706400000| Untracked 
|  35|0x0000000706400000, 0x0000000706600000, 0x0000000706600000|100%| O|  |TAMS 0x0000000706400000, 0x0000000706600000| Untracked 
|  36|0x0000000706600000, 0x0000000706800000, 0x0000000706800000|100%| O|  |TAMS 0x0000000706600000, 0x0000000706800000| Untracked 
|  37|0x0000000706800000, 0x0000000706868e00, 0x0000000706a00000| 20%| O|  |TAMS 0x0000000706800000, 0x0000000706868e00| Untracked 
|  38|0x0000000706a00000, 0x0000000706c00000, 0x0000000706c00000|100%|HS|  |TAMS 0x0000000706a00000, 0x0000000706c00000| Complete 
|  39|0x0000000706c00000, 0x0000000706e00000, 0x0000000706e00000|100%|HC|  |TAMS 0x0000000706c00000, 0x0000000706e00000| Complete 
|  40|0x0000000706e00000, 0x0000000707000000, 0x0000000707000000|100%|HC|  |TAMS 0x0000000706e00000, 0x0000000707000000| Complete 
|  41|0x0000000707000000, 0x0000000707200000, 0x0000000707200000|100%|HC|  |TAMS 0x0000000707000000, 0x0000000707200000| Complete 
|  42|0x0000000707200000, 0x0000000707400000, 0x0000000707400000|100%|HS|  |TAMS 0x0000000707200000, 0x0000000707400000| Complete 
|  43|0x0000000707400000, 0x0000000707600000, 0x0000000707600000|100%|HC|  |TAMS 0x0000000707400000, 0x0000000707600000| Complete 
|  44|0x0000000707600000, 0x0000000707800000, 0x0000000707800000|100%|HS|  |TAMS 0x0000000707600000, 0x0000000707800000| Complete 
|  45|0x0000000707800000, 0x0000000707a00000, 0x0000000707a00000|100%|HC|  |TAMS 0x0000000707800000, 0x0000000707a00000| Complete 
|  46|0x0000000707a00000, 0x0000000707c00000, 0x0000000707c00000|100%|HC|  |TAMS 0x0000000707a00000, 0x0000000707c00000| Complete 
|  47|0x0000000707c00000, 0x0000000707e00000, 0x0000000707e00000|100%|HC|  |TAMS 0x0000000707c00000, 0x0000000707e00000| Complete 
|  48|0x0000000707e00000, 0x0000000708000000, 0x0000000708000000|100%|HS|  |TAMS 0x0000000707e00000, 0x0000000708000000| Complete 
|  49|0x0000000708000000, 0x0000000708200000, 0x0000000708200000|100%|HC|  |TAMS 0x0000000708000000, 0x0000000708200000| Complete 
|  50|0x0000000708200000, 0x0000000708400000, 0x0000000708400000|100%|HS|  |TAMS 0x0000000708200000, 0x0000000708400000| Complete 
|  51|0x0000000708400000, 0x0000000708600000, 0x0000000708600000|100%|HC|  |TAMS 0x0000000708400000, 0x0000000708600000| Complete 
|  52|0x0000000708600000, 0x0000000708800000, 0x0000000708800000|100%|HC|  |TAMS 0x0000000708600000, 0x0000000708800000| Complete 
|  53|0x0000000708800000, 0x0000000708a00000, 0x0000000708a00000|100%|HC|  |TAMS 0x0000000708800000, 0x0000000708a00000| Complete 
|  54|0x0000000708a00000, 0x0000000708c00000, 0x0000000708c00000|100%|HS|  |TAMS 0x0000000708a00000, 0x0000000708c00000| Complete 
|  55|0x0000000708c00000, 0x0000000708e00000, 0x0000000708e00000|100%|HC|  |TAMS 0x0000000708c00000, 0x0000000708e00000| Complete 
|  56|0x0000000708e00000, 0x0000000709000000, 0x0000000709000000|100%|HS|  |TAMS 0x0000000708e00000, 0x0000000709000000| Complete 
|  57|0x0000000709000000, 0x0000000709200000, 0x0000000709200000|100%|HC|  |TAMS 0x0000000709000000, 0x0000000709200000| Complete 
|  58|0x0000000709200000, 0x0000000709400000, 0x0000000709400000|100%|HC|  |TAMS 0x0000000709200000, 0x0000000709400000| Complete 
|  59|0x0000000709400000, 0x0000000709600000, 0x0000000709600000|100%|HC|  |TAMS 0x0000000709400000, 0x0000000709600000| Complete 
|  60|0x0000000709600000, 0x0000000709800000, 0x0000000709800000|100%|HS|  |TAMS 0x0000000709600000, 0x0000000709800000| Complete 
|  61|0x0000000709800000, 0x0000000709a00000, 0x0000000709a00000|100%|HC|  |TAMS 0x0000000709800000, 0x0000000709a00000| Complete 
|  62|0x0000000709a00000, 0x0000000709c00000, 0x0000000709c00000|100%|HS|  |TAMS 0x0000000709a00000, 0x0000000709c00000| Complete 
|  63|0x0000000709c00000, 0x0000000709e00000, 0x0000000709e00000|100%|HC|  |TAMS 0x0000000709c00000, 0x0000000709e00000| Complete 
|  64|0x0000000709e00000, 0x000000070a000000, 0x000000070a000000|100%|HC|  |TAMS 0x0000000709e00000, 0x000000070a000000| Complete 
|  65|0x000000070a000000, 0x000000070a200000, 0x000000070a200000|100%|HC|  |TAMS 0x000000070a000000, 0x000000070a200000| Complete 
|  66|0x000000070a200000, 0x000000070a200000, 0x000000070a400000|  0%| F|  |TAMS 0x000000070a200000, 0x000000070a200000| Untracked 
|  67|0x000000070a400000, 0x000000070a400000, 0x000000070a600000|  0%| F|  |TAMS 0x000000070a400000, 0x000000070a400000| Untracked 
|  68|0x000000070a600000, 0x000000070a600000, 0x000000070a800000|  0%| F|  |TAMS 0x000000070a600000, 0x000000070a600000| Untracked 
|  69|0x000000070a800000, 0x000000070a800000, 0x000000070aa00000|  0%| F|  |TAMS 0x000000070a800000, 0x000000070a800000| Untracked 
|  70|0x000000070aa00000, 0x000000070aa00000, 0x000000070ac00000|  0%| F|  |TAMS 0x000000070aa00000, 0x000000070aa00000| Untracked 
|  71|0x000000070ac00000, 0x000000070ac00000, 0x000000070ae00000|  0%| F|  |TAMS 0x000000070ac00000, 0x000000070ac00000| Untracked 
|  72|0x000000070ae00000, 0x000000070b000000, 0x000000070b000000|100%|HS|  |TAMS 0x000000070ae00000, 0x000000070b000000| Complete 
|  73|0x000000070b000000, 0x000000070b200000, 0x000000070b200000|100%|HC|  |TAMS 0x000000070b000000, 0x000000070b200000| Complete 
|  74|0x000000070b200000, 0x000000070b400000, 0x000000070b400000|100%|HS|  |TAMS 0x000000070b200000, 0x000000070b400000| Complete 
|  75|0x000000070b400000, 0x000000070b600000, 0x000000070b600000|100%|HC|  |TAMS 0x000000070b400000, 0x000000070b600000| Complete 
|  76|0x000000070b600000, 0x000000070b800000, 0x000000070b800000|100%|HC|  |TAMS 0x000000070b600000, 0x000000070b800000| Complete 
|  77|0x000000070b800000, 0x000000070ba00000, 0x000000070ba00000|100%|HC|  |TAMS 0x000000070b800000, 0x000000070ba00000| Complete 
|  78|0x000000070ba00000, 0x000000070bc00000, 0x000000070bc00000|100%|HS|  |TAMS 0x000000070ba00000, 0x000000070bc00000| Complete 
|  79|0x000000070bc00000, 0x000000070be00000, 0x000000070be00000|100%|HC|  |TAMS 0x000000070bc00000, 0x000000070be00000| Complete 
|  80|0x000000070be00000, 0x000000070c000000, 0x000000070c000000|100%|HS|  |TAMS 0x000000070be00000, 0x000000070c000000| Complete 
|  81|0x000000070c000000, 0x000000070c200000, 0x000000070c200000|100%|HC|  |TAMS 0x000000070c000000, 0x000000070c200000| Complete 
|  82|0x000000070c200000, 0x000000070c400000, 0x000000070c400000|100%|HC|  |TAMS 0x000000070c200000, 0x000000070c400000| Complete 
|  83|0x000000070c400000, 0x000000070c600000, 0x000000070c600000|100%|HC|  |TAMS 0x000000070c400000, 0x000000070c600000| Complete 
|  84|0x000000070c600000, 0x000000070c600000, 0x000000070c800000|  0%| F|  |TAMS 0x000000070c600000, 0x000000070c600000| Untracked 
|  85|0x000000070c800000, 0x000000070c800000, 0x000000070ca00000|  0%| F|  |TAMS 0x000000070c800000, 0x000000070c800000| Untracked 
|  86|0x000000070ca00000, 0x000000070ca00000, 0x000000070cc00000|  0%| F|  |TAMS 0x000000070ca00000, 0x000000070ca00000| Untracked 
|  87|0x000000070cc00000, 0x000000070cc00000, 0x000000070ce00000|  0%| F|  |TAMS 0x000000070cc00000, 0x000000070cc00000| Untracked 
|  88|0x000000070ce00000, 0x000000070ce00000, 0x000000070d000000|  0%| F|  |TAMS 0x000000070ce00000, 0x000000070ce00000| Untracked 
|  89|0x000000070d000000, 0x000000070d000000, 0x000000070d200000|  0%| F|  |TAMS 0x000000070d000000, 0x000000070d000000| Untracked 
|  90|0x000000070d200000, 0x000000070d200000, 0x000000070d400000|  0%| F|  |TAMS 0x000000070d200000, 0x000000070d200000| Untracked 
|  91|0x000000070d400000, 0x000000070d400000, 0x000000070d600000|  0%| F|  |TAMS 0x000000070d400000, 0x000000070d400000| Untracked 
|  92|0x000000070d600000, 0x000000070d600000, 0x000000070d800000|  0%| F|  |TAMS 0x000000070d600000, 0x000000070d600000| Untracked 
|  93|0x000000070d800000, 0x000000070d800000, 0x000000070da00000|  0%| F|  |TAMS 0x000000070d800000, 0x000000070d800000| Untracked 
|  94|0x000000070da00000, 0x000000070da00000, 0x000000070dc00000|  0%| F|  |TAMS 0x000000070da00000, 0x000000070da00000| Untracked 
|  95|0x000000070dc00000, 0x000000070dc00000, 0x000000070de00000|  0%| F|  |TAMS 0x000000070dc00000, 0x000000070dc00000| Untracked 
|  96|0x000000070de00000, 0x000000070de00000, 0x000000070e000000|  0%| F|  |TAMS 0x000000070de00000, 0x000000070de00000| Untracked 
|  97|0x000000070e000000, 0x000000070e000000, 0x000000070e200000|  0%| F|  |TAMS 0x000000070e000000, 0x000000070e000000| Untracked 
|  98|0x000000070e200000, 0x000000070e200000, 0x000000070e400000|  0%| F|  |TAMS 0x000000070e200000, 0x000000070e200000| Untracked 
|  99|0x000000070e400000, 0x000000070e400000, 0x000000070e600000|  0%| F|  |TAMS 0x000000070e400000, 0x000000070e400000| Untracked 
| 100|0x000000070e600000, 0x000000070e600000, 0x000000070e800000|  0%| F|  |TAMS 0x000000070e600000, 0x000000070e600000| Untracked 
| 101|0x000000070e800000, 0x000000070e800000, 0x000000070ea00000|  0%| F|  |TAMS 0x000000070e800000, 0x000000070e800000| Untracked 
| 102|0x000000070ea00000, 0x000000070ea00000, 0x000000070ec00000|  0%| F|  |TAMS 0x000000070ea00000, 0x000000070ea00000| Untracked 
| 103|0x000000070ec00000, 0x000000070ec00000, 0x000000070ee00000|  0%| F|  |TAMS 0x000000070ec00000, 0x000000070ec00000| Untracked 
| 104|0x000000070ee00000, 0x000000070ee00000, 0x000000070f000000|  0%| F|  |TAMS 0x000000070ee00000, 0x000000070ee00000| Untracked 
| 105|0x000000070f000000, 0x000000070f000000, 0x000000070f200000|  0%| F|  |TAMS 0x000000070f000000, 0x000000070f000000| Untracked 
| 106|0x000000070f200000, 0x000000070f200000, 0x000000070f400000|  0%| F|  |TAMS 0x000000070f200000, 0x000000070f200000| Untracked 
| 107|0x000000070f400000, 0x000000070f400000, 0x000000070f600000|  0%| F|  |TAMS 0x000000070f400000, 0x000000070f400000| Untracked 
| 108|0x000000070f600000, 0x000000070f600000, 0x000000070f800000|  0%| F|  |TAMS 0x000000070f600000, 0x000000070f600000| Untracked 
| 109|0x000000070f800000, 0x000000070f800000, 0x000000070fa00000|  0%| F|  |TAMS 0x000000070f800000, 0x000000070f800000| Untracked 
| 110|0x000000070fa00000, 0x000000070fa00000, 0x000000070fc00000|  0%| F|  |TAMS 0x000000070fa00000, 0x000000070fa00000| Untracked 
| 111|0x000000070fc00000, 0x000000070fc00000, 0x000000070fe00000|  0%| F|  |TAMS 0x000000070fc00000, 0x000000070fc00000| Untracked 
| 112|0x000000070fe00000, 0x000000070fe00000, 0x0000000710000000|  0%| F|  |TAMS 0x000000070fe00000, 0x000000070fe00000| Untracked 
| 113|0x0000000710000000, 0x0000000710000000, 0x0000000710200000|  0%| F|  |TAMS 0x0000000710000000, 0x0000000710000000| Untracked 
| 114|0x0000000710200000, 0x0000000710200000, 0x0000000710400000|  0%| F|  |TAMS 0x0000000710200000, 0x0000000710200000| Untracked 
| 115|0x0000000710400000, 0x0000000710400000, 0x0000000710600000|  0%| F|  |TAMS 0x0000000710400000, 0x0000000710400000| Untracked 
| 116|0x0000000710600000, 0x0000000710600000, 0x0000000710800000|  0%| F|  |TAMS 0x0000000710600000, 0x0000000710600000| Untracked 
| 117|0x0000000710800000, 0x0000000710800000, 0x0000000710a00000|  0%| F|  |TAMS 0x0000000710800000, 0x0000000710800000| Untracked 
| 118|0x0000000710a00000, 0x0000000710a00000, 0x0000000710c00000|  0%| F|  |TAMS 0x0000000710a00000, 0x0000000710a00000| Untracked 
| 119|0x0000000710c00000, 0x0000000710c00000, 0x0000000710e00000|  0%| F|  |TAMS 0x0000000710c00000, 0x0000000710c00000| Untracked 
| 120|0x0000000710e00000, 0x0000000710e00000, 0x0000000711000000|  0%| F|  |TAMS 0x0000000710e00000, 0x0000000710e00000| Untracked 
| 121|0x0000000711000000, 0x0000000711000000, 0x0000000711200000|  0%| F|  |TAMS 0x0000000711000000, 0x0000000711000000| Untracked 
| 122|0x0000000711200000, 0x0000000711200000, 0x0000000711400000|  0%| F|  |TAMS 0x0000000711200000, 0x0000000711200000| Untracked 
| 123|0x0000000711400000, 0x0000000711400000, 0x0000000711600000|  0%| F|  |TAMS 0x0000000711400000, 0x0000000711400000| Untracked 
| 124|0x0000000711600000, 0x0000000711600000, 0x0000000711800000|  0%| F|  |TAMS 0x0000000711600000, 0x0000000711600000| Untracked 
| 125|0x0000000711800000, 0x0000000711800000, 0x0000000711a00000|  0%| F|  |TAMS 0x0000000711800000, 0x0000000711800000| Untracked 
| 126|0x0000000711a00000, 0x0000000711a00000, 0x0000000711c00000|  0%| F|  |TAMS 0x0000000711a00000, 0x0000000711a00000| Untracked 
| 127|0x0000000711c00000, 0x0000000711c00000, 0x0000000711e00000|  0%| F|  |TAMS 0x0000000711c00000, 0x0000000711c00000| Untracked 
| 128|0x0000000711e00000, 0x0000000711e00000, 0x0000000712000000|  0%| F|  |TAMS 0x0000000711e00000, 0x0000000711e00000| Untracked 
| 129|0x0000000712000000, 0x0000000712000000, 0x0000000712200000|  0%| F|  |TAMS 0x0000000712000000, 0x0000000712000000| Untracked 
| 130|0x0000000712200000, 0x0000000712200000, 0x0000000712400000|  0%| F|  |TAMS 0x0000000712200000, 0x0000000712200000| Untracked 
| 131|0x0000000712400000, 0x0000000712400000, 0x0000000712600000|  0%| F|  |TAMS 0x0000000712400000, 0x0000000712400000| Untracked 
| 132|0x0000000712600000, 0x0000000712600000, 0x0000000712800000|  0%| F|  |TAMS 0x0000000712600000, 0x0000000712600000| Untracked 
| 133|0x0000000712800000, 0x0000000712800000, 0x0000000712a00000|  0%| F|  |TAMS 0x0000000712800000, 0x0000000712800000| Untracked 
| 134|0x0000000712a00000, 0x0000000712a00000, 0x0000000712c00000|  0%| F|  |TAMS 0x0000000712a00000, 0x0000000712a00000| Untracked 
| 135|0x0000000712c00000, 0x0000000712c00000, 0x0000000712e00000|  0%| F|  |TAMS 0x0000000712c00000, 0x0000000712c00000| Untracked 
| 136|0x0000000712e00000, 0x0000000712e00000, 0x0000000713000000|  0%| F|  |TAMS 0x0000000712e00000, 0x0000000712e00000| Untracked 
| 137|0x0000000713000000, 0x0000000713000000, 0x0000000713200000|  0%| F|  |TAMS 0x0000000713000000, 0x0000000713000000| Untracked 
| 138|0x0000000713200000, 0x0000000713200000, 0x0000000713400000|  0%| F|  |TAMS 0x0000000713200000, 0x0000000713200000| Untracked 
| 139|0x0000000713400000, 0x0000000713400000, 0x0000000713600000|  0%| F|  |TAMS 0x0000000713400000, 0x0000000713400000| Untracked 
| 140|0x0000000713600000, 0x0000000713600000, 0x0000000713800000|  0%| F|  |TAMS 0x0000000713600000, 0x0000000713600000| Untracked 
| 141|0x0000000713800000, 0x0000000713800000, 0x0000000713a00000|  0%| F|  |TAMS 0x0000000713800000, 0x0000000713800000| Untracked 
| 142|0x0000000713a00000, 0x0000000713a00000, 0x0000000713c00000|  0%| F|  |TAMS 0x0000000713a00000, 0x0000000713a00000| Untracked 
| 143|0x0000000713c00000, 0x0000000713c00000, 0x0000000713e00000|  0%| F|  |TAMS 0x0000000713c00000, 0x0000000713c00000| Untracked 
| 144|0x0000000713e00000, 0x0000000713e00000, 0x0000000714000000|  0%| F|  |TAMS 0x0000000713e00000, 0x0000000713e00000| Untracked 
| 145|0x0000000714000000, 0x0000000714000000, 0x0000000714200000|  0%| F|  |TAMS 0x0000000714000000, 0x0000000714000000| Untracked 
| 146|0x0000000714200000, 0x0000000714200000, 0x0000000714400000|  0%| F|  |TAMS 0x0000000714200000, 0x0000000714200000| Untracked 
| 147|0x0000000714400000, 0x0000000714400000, 0x0000000714600000|  0%| F|  |TAMS 0x0000000714400000, 0x0000000714400000| Untracked 
| 148|0x0000000714600000, 0x0000000714600000, 0x0000000714800000|  0%| F|  |TAMS 0x0000000714600000, 0x0000000714600000| Untracked 
| 149|0x0000000714800000, 0x0000000714800000, 0x0000000714a00000|  0%| F|  |TAMS 0x0000000714800000, 0x0000000714800000| Untracked 
| 150|0x0000000714a00000, 0x0000000714a00000, 0x0000000714c00000|  0%| F|  |TAMS 0x0000000714a00000, 0x0000000714a00000| Untracked 
| 151|0x0000000714c00000, 0x0000000714c00000, 0x0000000714e00000|  0%| F|  |TAMS 0x0000000714c00000, 0x0000000714c00000| Untracked 
| 152|0x0000000714e00000, 0x0000000714e00000, 0x0000000715000000|  0%| F|  |TAMS 0x0000000714e00000, 0x0000000714e00000| Untracked 
| 153|0x0000000715000000, 0x0000000715000000, 0x0000000715200000|  0%| F|  |TAMS 0x0000000715000000, 0x0000000715000000| Untracked 
| 154|0x0000000715200000, 0x0000000715200000, 0x0000000715400000|  0%| F|  |TAMS 0x0000000715200000, 0x0000000715200000| Untracked 
| 155|0x0000000715400000, 0x0000000715400000, 0x0000000715600000|  0%| F|  |TAMS 0x0000000715400000, 0x0000000715400000| Untracked 
| 156|0x0000000715600000, 0x0000000715600000, 0x0000000715800000|  0%| F|  |TAMS 0x0000000715600000, 0x0000000715600000| Untracked 
| 157|0x0000000715800000, 0x0000000715800000, 0x0000000715a00000|  0%| F|  |TAMS 0x0000000715800000, 0x0000000715800000| Untracked 
| 158|0x0000000715a00000, 0x0000000715a00000, 0x0000000715c00000|  0%| F|  |TAMS 0x0000000715a00000, 0x0000000715a00000| Untracked 
| 159|0x0000000715c00000, 0x0000000715c00000, 0x0000000715e00000|  0%| F|  |TAMS 0x0000000715c00000, 0x0000000715c00000| Untracked 
| 160|0x0000000715e00000, 0x0000000715e00000, 0x0000000716000000|  0%| F|  |TAMS 0x0000000715e00000, 0x0000000715e00000| Untracked 
| 161|0x0000000716000000, 0x0000000716000000, 0x0000000716200000|  0%| F|  |TAMS 0x0000000716000000, 0x0000000716000000| Untracked 
| 162|0x0000000716200000, 0x0000000716200000, 0x0000000716400000|  0%| F|  |TAMS 0x0000000716200000, 0x0000000716200000| Untracked 
| 163|0x0000000716400000, 0x0000000716400000, 0x0000000716600000|  0%| F|  |TAMS 0x0000000716400000, 0x0000000716400000| Untracked 
| 164|0x0000000716600000, 0x0000000716600000, 0x0000000716800000|  0%| F|  |TAMS 0x0000000716600000, 0x0000000716600000| Untracked 
| 165|0x0000000716800000, 0x0000000716800000, 0x0000000716a00000|  0%| F|  |TAMS 0x0000000716800000, 0x0000000716800000| Untracked 
| 166|0x0000000716a00000, 0x0000000716a00000, 0x0000000716c00000|  0%| F|  |TAMS 0x0000000716a00000, 0x0000000716a00000| Untracked 
| 167|0x0000000716c00000, 0x0000000716c00000, 0x0000000716e00000|  0%| F|  |TAMS 0x0000000716c00000, 0x0000000716c00000| Untracked 
| 168|0x0000000716e00000, 0x0000000716e00000, 0x0000000717000000|  0%| F|  |TAMS 0x0000000716e00000, 0x0000000716e00000| Untracked 
| 169|0x0000000717000000, 0x0000000717000000, 0x0000000717200000|  0%| F|  |TAMS 0x0000000717000000, 0x0000000717000000| Untracked 
| 170|0x0000000717200000, 0x0000000717200000, 0x0000000717400000|  0%| F|  |TAMS 0x0000000717200000, 0x0000000717200000| Untracked 
| 171|0x0000000717400000, 0x0000000717400000, 0x0000000717600000|  0%| F|  |TAMS 0x0000000717400000, 0x0000000717400000| Untracked 
| 172|0x0000000717600000, 0x0000000717600000, 0x0000000717800000|  0%| F|  |TAMS 0x0000000717600000, 0x0000000717600000| Untracked 
| 173|0x0000000717800000, 0x0000000717800000, 0x0000000717a00000|  0%| F|  |TAMS 0x0000000717800000, 0x0000000717800000| Untracked 
| 174|0x0000000717a00000, 0x0000000717a00000, 0x0000000717c00000|  0%| F|  |TAMS 0x0000000717a00000, 0x0000000717a00000| Untracked 
| 175|0x0000000717c00000, 0x0000000717c00000, 0x0000000717e00000|  0%| F|  |TAMS 0x0000000717c00000, 0x0000000717c00000| Untracked 
| 176|0x0000000717e00000, 0x0000000717e00000, 0x0000000718000000|  0%| F|  |TAMS 0x0000000717e00000, 0x0000000717e00000| Untracked 
| 177|0x0000000718000000, 0x0000000718000000, 0x0000000718200000|  0%| F|  |TAMS 0x0000000718000000, 0x0000000718000000| Untracked 
| 178|0x0000000718200000, 0x0000000718200000, 0x0000000718400000|  0%| F|  |TAMS 0x0000000718200000, 0x0000000718200000| Untracked 
| 179|0x0000000718400000, 0x0000000718400000, 0x0000000718600000|  0%| F|  |TAMS 0x0000000718400000, 0x0000000718400000| Untracked 
| 180|0x0000000718600000, 0x0000000718600000, 0x0000000718800000|  0%| F|  |TAMS 0x0000000718600000, 0x0000000718600000| Untracked 
| 181|0x0000000718800000, 0x0000000718800000, 0x0000000718a00000|  0%| F|  |TAMS 0x0000000718800000, 0x0000000718800000| Untracked 
| 182|0x0000000718a00000, 0x0000000718a00000, 0x0000000718c00000|  0%| F|  |TAMS 0x0000000718a00000, 0x0000000718a00000| Untracked 
| 183|0x0000000718c00000, 0x0000000718c00000, 0x0000000718e00000|  0%| F|  |TAMS 0x0000000718c00000, 0x0000000718c00000| Untracked 
| 184|0x0000000718e00000, 0x0000000718f81700, 0x0000000719000000| 75%| S|CS|TAMS 0x0000000718e00000, 0x0000000718e00000| Complete 
| 185|0x0000000719000000, 0x0000000719000000, 0x0000000719200000|  0%| F|  |TAMS 0x0000000719000000, 0x0000000719000000| Untracked 
| 186|0x0000000719200000, 0x0000000719200000, 0x0000000719400000|  0%| F|  |TAMS 0x0000000719200000, 0x0000000719200000| Untracked 
| 187|0x0000000719400000, 0x0000000719400000, 0x0000000719600000|  0%| F|  |TAMS 0x0000000719400000, 0x0000000719400000| Untracked 

Card table byte_map: [0x00000233d2e90000,0x00000233d3690000] _byte_map_base: 0x00000233cf681000

Marking Bits (Prev, Next): (CMBitMap*) 0x00000233b9bff3d0, (CMBitMap*) 0x00000233b9bff390
 Prev Bits: [0x00000233d7e20000, 0x00000233dbda8000)
 Next Bits: [0x00000233d3e90000, 0x00000233d7e18000)

Polling page: 0x00000233b9c60000

Metaspace:

Usage:
  Non-class:     27.50 MB used.
      Class:      3.28 MB used.
       Both:     30.78 MB used.

Virtual space:
  Non-class space:       64.00 MB reserved,      27.69 MB ( 43%) committed,  1 nodes.
      Class space:        1.00 GB reserved,       3.44 MB ( <1%) committed,  1 nodes.
             Both:        1.06 GB reserved,      31.12 MB (  3%) committed. 

Chunk freelists:
   Non-Class:  4.16 MB
       Class:  12.51 MB
        Both:  16.67 MB

MaxMetaspaceSize: unlimited
CompressedClassSpaceSize: 1.00 GB
Initial GC threshold: 21.00 MB
Current GC threshold: 35.25 MB
CDS: on
MetaspaceReclaimPolicy: balanced
 - commit_granule_bytes: 65536.
 - commit_granule_words: 8192.
 - virtual_space_node_default_size: 8388608.
 - enlarge_chunks_in_place: 1.
 - new_chunks_are_fully_committed: 0.
 - uncommit_free_chunks: 1.
 - use_allocation_guard: 0.
 - handle_deallocations: 1.


Internal statistics:

num_allocs_failed_limit: 3.
num_arena_births: 356.
num_arena_deaths: 0.
num_vsnodes_births: 2.
num_vsnodes_deaths: 0.
num_space_committed: 498.
num_space_uncommitted: 0.
num_chunks_returned_to_freelist: 3.
num_chunks_taken_from_freelist: 1146.
num_chunk_merges: 3.
num_chunk_splits: 843.
num_chunks_enlarged: 650.
num_inconsistent_stats: 0.

CodeHeap 'non-profiled nmethods': size=120000Kb used=2775Kb max_used=2775Kb free=117225Kb
 bounds [0x00000233ca6f0000, 0x00000233ca9d0000, 0x00000233d1c20000]
CodeHeap 'profiled nmethods': size=120000Kb used=7042Kb max_used=7504Kb free=112958Kb
 bounds [0x00000233c2c20000, 0x00000233c3380000, 0x00000233ca150000]
CodeHeap 'non-nmethods': size=5760Kb used=1308Kb max_used=1417Kb free=4451Kb
 bounds [0x00000233ca150000, 0x00000233ca3c0000, 0x00000233ca6f0000]
 total_blobs=4397 nmethods=3758 adapters=551
 compilation: enabled
              stopped_count=0, restarted_count=0
 full_count=0

Compilation events (20 events):
Event: 6.812 Thread 0x00000233de8b5d80 4331       3       java.lang.StrictMath::ceil (10 bytes)
Event: 6.812 Thread 0x00000233de8b5d80 nmethod 4331 0x00000233c2f37810 code [0x00000233c2f379e0, 0x00000233c2f37b08]
Event: 6.847 Thread 0x00000233de8b5d80 4332       3       java.util.concurrent.locks.LockSupport::setBlocker (12 bytes)
Event: 6.847 Thread 0x00000233de8b5d80 nmethod 4332 0x00000233c2f37390 code [0x00000233c2f37540, 0x00000233c2f37748]
Event: 6.860 Thread 0x00000233de8b5d80 4333       1       java.awt.image.SinglePixelPackedSampleModel::getScanlineStride (5 bytes)
Event: 6.861 Thread 0x00000233de8b5d80 nmethod 4333 0x00000233ca80f210 code [0x00000233ca80f3a0, 0x00000233ca80f478]
Event: 6.861 Thread 0x00000233de8b5d80 4334       1       java.awt.image.DataBuffer::getOffset (5 bytes)
Event: 6.861 Thread 0x00000233de8b5d80 nmethod 4334 0x00000233ca80ef10 code [0x00000233ca80f0a0, 0x00000233ca80f178]
Event: 6.861 Thread 0x00000233de8b5d80 4335       1       java.awt.image.BufferedImage::getType (5 bytes)
Event: 6.861 Thread 0x00000233de8b5d80 nmethod 4335 0x00000233ca80ec10 code [0x00000233ca80eda0, 0x00000233ca80ee78]
Event: 6.878 Thread 0x00000233de8b5d80 4336       3       org.monte.media.Buffer::setFlag (26 bytes)
Event: 6.878 Thread 0x00000233de8b5d80 nmethod 4336 0x00000233c2f36d90 code [0x00000233c2f36f60, 0x00000233c2f371f8]
Event: 6.926 Thread 0x00000233de8b5d80 4337       1       sun.awt.SunHints$Value::getIndex (5 bytes)
Event: 6.927 Thread 0x00000233de8b5d80 nmethod 4337 0x00000233ca80e910 code [0x00000233ca80eaa0, 0x00000233ca80eb78]
Event: 6.927 Thread 0x00000233de8b5d80 4338       1       java.awt.RenderingHints$Key::intKey (5 bytes)
Event: 6.927 Thread 0x00000233de8b5d80 nmethod 4338 0x00000233ca80e610 code [0x00000233ca80e7a0, 0x00000233ca80e878]
Event: 6.942 Thread 0x00000233de8b5d80 4339       3       java.util.concurrent.ScheduledThreadPoolExecutor$ScheduledFutureTask::getDelay (16 bytes)
Event: 6.942 Thread 0x00000233de8b5d80 nmethod 4339 0x00000233c2f36990 code [0x00000233c2f36b40, 0x00000233c2f36cc8]
Event: 6.942 Thread 0x00000233de8b5d80 4340       3       java.util.HashSet::isEmpty (8 bytes)
Event: 6.943 Thread 0x00000233de8b5d80 nmethod 4340 0x00000233c2f36490 code [0x00000233c2f36620, 0x00000233c2f36878]

GC Heap History (20 events):
Event: 4.746 GC heap after
{Heap after GC invocations=9 (full 0):
 garbage-first heap   total 192512K, used 66957K [0x0000000701e00000, 0x0000000800000000)
  region size 2048K, 1 young (2048K), 1 survivors (2048K)
 Metaspace       used 29641K, committed 29952K, reserved 1114112K
  class space    used 3173K, committed 3328K, reserved 1048576K
}
Event: 4.903 GC heap before
{Heap before GC invocations=9 (full 0):
 garbage-first heap   total 192512K, used 91533K [0x0000000701e00000, 0x0000000800000000)
  region size 2048K, 6 young (12288K), 1 survivors (2048K)
 Metaspace       used 30589K, committed 30976K, reserved 1114112K
  class space    used 3285K, committed 3456K, reserved 1048576K
}
Event: 4.905 GC heap after
{Heap after GC invocations=10 (full 0):
 garbage-first heap   total 192512K, used 83655K [0x0000000701e00000, 0x0000000800000000)
  region size 2048K, 1 young (2048K), 1 survivors (2048K)
 Metaspace       used 30589K, committed 30976K, reserved 1114112K
  class space    used 3285K, committed 3456K, reserved 1048576K
}
Event: 4.959 GC heap before
{Heap before GC invocations=10 (full 0):
 garbage-first heap   total 192512K, used 93895K [0x0000000701e00000, 0x0000000800000000)
  region size 2048K, 3 young (6144K), 1 survivors (2048K)
 Metaspace       used 31011K, committed 31360K, reserved 1114112K
  class space    used 3324K, committed 3456K, reserved 1048576K
}
Event: 4.963 GC heap after
{Heap after GC invocations=11 (full 0):
 garbage-first heap   total 192512K, used 84008K [0x0000000701e00000, 0x0000000800000000)
  region size 2048K, 1 young (2048K), 1 survivors (2048K)
 Metaspace       used 31011K, committed 31360K, reserved 1114112K
  class space    used 3324K, committed 3456K, reserved 1048576K
}
Event: 5.023 GC heap before
{Heap before GC invocations=11 (full 0):
 garbage-first heap   total 192512K, used 88104K [0x0000000701e00000, 0x0000000800000000)
  region size 2048K, 2 young (4096K), 1 survivors (2048K)
 Metaspace       used 31196K, committed 31488K, reserved 1114112K
  class space    used 3336K, committed 3456K, reserved 1048576K
}
Event: 5.026 GC heap after
{Heap after GC invocations=12 (full 0):
 garbage-first heap   total 385024K, used 88308K [0x0000000701e00000, 0x0000000800000000)
  region size 2048K, 1 young (2048K), 1 survivors (2048K)
 Metaspace       used 31196K, committed 31488K, reserved 1114112K
  class space    used 3336K, committed 3456K, reserved 1048576K
}
Event: 5.595 GC heap before
{Heap before GC invocations=12 (full 0):
 garbage-first heap   total 385024K, used 172276K [0x0000000701e00000, 0x0000000800000000)
  region size 2048K, 3 young (6144K), 1 survivors (2048K)
 Metaspace       used 31225K, committed 31616K, reserved 1114112K
  class space    used 3337K, committed 3520K, reserved 1048576K
}
Event: 5.597 GC heap after
{Heap after GC invocations=13 (full 0):
 garbage-first heap   total 385024K, used 157963K [0x0000000701e00000, 0x0000000800000000)
  region size 2048K, 1 young (2048K), 1 survivors (2048K)
 Metaspace       used 31225K, committed 31616K, reserved 1114112K
  class space    used 3337K, committed 3520K, reserved 1048576K
}
Event: 5.664 GC heap before
{Heap before GC invocations=13 (full 0):
 garbage-first heap   total 385024K, used 172299K [0x0000000701e00000, 0x0000000800000000)
  region size 2048K, 3 young (6144K), 1 survivors (2048K)
 Metaspace       used 31228K, committed 31616K, reserved 1114112K
  class space    used 3337K, committed 3520K, reserved 1048576K
}
Event: 5.666 GC heap after
{Heap after GC invocations=14 (full 0):
 garbage-first heap   total 385024K, used 96575K [0x0000000701e00000, 0x0000000800000000)
  region size 2048K, 1 young (2048K), 1 survivors (2048K)
 Metaspace       used 31228K, committed 31616K, reserved 1114112K
  class space    used 3337K, committed 3520K, reserved 1048576K
}
Event: 6.099 GC heap before
{Heap before GC invocations=14 (full 0):
 garbage-first heap   total 385024K, used 180543K [0x0000000701e00000, 0x0000000800000000)
  region size 2048K, 7 young (14336K), 1 survivors (2048K)
 Metaspace       used 31507K, committed 31872K, reserved 1114112K
  class space    used 3355K, committed 3520K, reserved 1048576K
}
Event: 6.101 GC heap after
{Heap after GC invocations=15 (full 0):
 garbage-first heap   total 385024K, used 157804K [0x0000000701e00000, 0x0000000800000000)
  region size 2048K, 1 young (2048K), 1 survivors (2048K)
 Metaspace       used 31507K, committed 31872K, reserved 1114112K
  class space    used 3355K, committed 3520K, reserved 1048576K
}
Event: 6.170 GC heap before
{Heap before GC invocations=15 (full 0):
 garbage-first heap   total 385024K, used 172140K [0x0000000701e00000, 0x0000000800000000)
  region size 2048K, 3 young (6144K), 1 survivors (2048K)
 Metaspace       used 31507K, committed 31872K, reserved 1114112K
  class space    used 3355K, committed 3520K, reserved 1048576K
}
Event: 6.172 GC heap after
{Heap after GC invocations=16 (full 0):
 garbage-first heap   total 385024K, used 96149K [0x0000000701e00000, 0x0000000800000000)
  region size 2048K, 1 young (2048K), 1 survivors (2048K)
 Metaspace       used 31507K, committed 31872K, reserved 1114112K
  class space    used 3355K, committed 3520K, reserved 1048576K
}
Event: 6.577 GC heap before
{Heap before GC invocations=16 (full 0):
 garbage-first heap   total 385024K, used 171925K [0x0000000701e00000, 0x0000000800000000)
  region size 2048K, 3 young (6144K), 1 survivors (2048K)
 Metaspace       used 31512K, committed 31872K, reserved 1114112K
  class space    used 3355K, committed 3520K, reserved 1048576K
}
Event: 6.579 GC heap after
{Heap after GC invocations=17 (full 0):
 garbage-first heap   total 385024K, used 157587K [0x0000000701e00000, 0x0000000800000000)
  region size 2048K, 1 young (2048K), 1 survivors (2048K)
 Metaspace       used 31512K, committed 31872K, reserved 1114112K
  class space    used 3355K, committed 3520K, reserved 1048576K
}
Event: 6.641 GC heap before
{Heap before GC invocations=17 (full 0):
 garbage-first heap   total 385024K, used 169875K [0x0000000701e00000, 0x0000000800000000)
  region size 2048K, 2 young (4096K), 1 survivors (2048K)
 Metaspace       used 31512K, committed 31872K, reserved 1114112K
  class space    used 3355K, committed 3520K, reserved 1048576K
}
Event: 6.642 GC heap after
{Heap after GC invocations=18 (full 0):
 garbage-first heap   total 385024K, used 96191K [0x0000000701e00000, 0x0000000800000000)
  region size 2048K, 1 young (2048K), 1 survivors (2048K)
 Metaspace       used 31512K, committed 31872K, reserved 1114112K
  class space    used 3355K, committed 3520K, reserved 1048576K
}
Event: 6.973 GC heap before
{Heap before GC invocations=18 (full 0):
 garbage-first heap   total 385024K, used 171967K [0x0000000701e00000, 0x0000000800000000)
  region size 2048K, 3 young (6144K), 1 survivors (2048K)
 Metaspace       used 31516K, committed 31872K, reserved 1114112K
  class space    used 3355K, committed 3520K, reserved 1048576K
}

Deoptimization events (20 events):
Event: 4.952 Thread 0x00000233b9b90730 DEOPT PACKING pc=0x00000233c319ef21 sp=0x00000056ec8fba50
Event: 4.952 Thread 0x00000233b9b90730 DEOPT UNPACKING pc=0x00000233ca1a2b43 sp=0x00000056ec8faee8 mode 0
Event: 4.957 Thread 0x00000233b9b90730 Uncommon trap: trap_request=0xffffff45 fr.pc=0x00000233ca8b1774 relative=0x00000000000001b4
Event: 4.957 Thread 0x00000233b9b90730 Uncommon trap: reason=unstable_if action=reinterpret pc=0x00000233ca8b1774 method=java.lang.ThreadLocal$ThreadLocalMap.getEntry(Ljava/lang/ThreadLocal;)Ljava/lang/ThreadLocal$ThreadLocalMap$Entry; @ 29 c2
Event: 4.957 Thread 0x00000233b9b90730 DEOPT PACKING pc=0x00000233ca8b1774 sp=0x00000056ec8fb9d0
Event: 4.957 Thread 0x00000233b9b90730 DEOPT UNPACKING pc=0x00000233ca1a23a3 sp=0x00000056ec8fb8e8 mode 2
Event: 4.970 Thread 0x00000233b9b90730 DEOPT PACKING pc=0x00000233c2c265ba sp=0x00000056ec8fa4b0
Event: 4.971 Thread 0x00000233b9b90730 DEOPT UNPACKING pc=0x00000233ca1a2b43 sp=0x00000056ec8f99c0 mode 0
Event: 5.112 Thread 0x0000023424c53870 Uncommon trap: trap_request=0xffffff45 fr.pc=0x00000233ca7de1e8 relative=0x00000000000003e8
Event: 5.112 Thread 0x0000023424c53870 Uncommon trap: reason=unstable_if action=reinterpret pc=0x00000233ca7de1e8 method=org.monte.media.avi.TechSmithCodecCore.encodeDelta24(Ljava/io/OutputStream;[I[IIIII)V @ 83 c2
Event: 5.112 Thread 0x0000023424c53870 DEOPT PACKING pc=0x00000233ca7de1e8 sp=0x00000056eecfee80
Event: 5.112 Thread 0x0000023424c53870 DEOPT UNPACKING pc=0x00000233ca1a23a3 sp=0x00000056eecfee20 mode 2
Event: 5.214 Thread 0x0000023424c53870 Uncommon trap: trap_request=0xffffff45 fr.pc=0x00000233ca75b4a4 relative=0x0000000000000384
Event: 5.214 Thread 0x0000023424c53870 Uncommon trap: reason=unstable_if action=reinterpret pc=0x00000233ca75b4a4 method=org.monte.media.avi.TechSmithCodecCore.encodeDelta24(Ljava/io/OutputStream;[I[IIIII)V @ 83 c2
Event: 5.214 Thread 0x0000023424c53870 DEOPT PACKING pc=0x00000233ca75b4a4 sp=0x00000056eecfee80
Event: 5.214 Thread 0x0000023424c53870 DEOPT UNPACKING pc=0x00000233ca1a23a3 sp=0x00000056eecfee10 mode 2
Event: 5.647 Thread 0x00000233b9b90730 Uncommon trap: trap_request=0xffffff45 fr.pc=0x00000233ca807cf0 relative=0x00000000000010d0
Event: 5.647 Thread 0x00000233b9b90730 Uncommon trap: reason=unstable_if action=reinterpret pc=0x00000233ca807cf0 method=java.nio.channels.Channels$1.write([BII)V @ 46 c2
Event: 5.647 Thread 0x00000233b9b90730 DEOPT PACKING pc=0x00000233ca807cf0 sp=0x00000056ec8fb7a0
Event: 5.648 Thread 0x00000233b9b90730 DEOPT UNPACKING pc=0x00000233ca1a23a3 sp=0x00000056ec8fb7b0 mode 2

Classes unloaded (0 events):
No events

Classes redefined (0 events):
No events

Internal exceptions (20 events):
Event: 6.031 Thread 0x00000233b9b90730 Exception <a 'sun/nio/fs/WindowsException'{0x00000007188866e0}> (0x00000007188866e0) 
thrown [s\open\src\hotspot\share\prims\jni.cpp, line 516]
Event: 6.031 Thread 0x00000233b9b90730 Exception <a 'sun/nio/fs/WindowsException'{0x000000071888b108}> (0x000000071888b108) 
thrown [s\open\src\hotspot\share\prims\jni.cpp, line 516]
Event: 6.031 Thread 0x00000233b9b90730 Exception <a 'sun/nio/fs/WindowsException'{0x000000071888b4c8}> (0x000000071888b4c8) 
thrown [s\open\src\hotspot\share\prims\jni.cpp, line 516]
Event: 6.032 Thread 0x00000233b9b90730 Exception <a 'sun/nio/fs/WindowsException'{0x000000071888fc88}> (0x000000071888fc88) 
thrown [s\open\src\hotspot\share\prims\jni.cpp, line 516]
Event: 6.032 Thread 0x00000233b9b90730 Exception <a 'sun/nio/fs/WindowsException'{0x0000000718890030}> (0x0000000718890030) 
thrown [s\open\src\hotspot\share\prims\jni.cpp, line 516]
Event: 6.033 Thread 0x00000233b9b90730 Exception <a 'sun/nio/fs/WindowsException'{0x0000000718894768}> (0x0000000718894768) 
thrown [s\open\src\hotspot\share\prims\jni.cpp, line 516]
Event: 6.033 Thread 0x00000233b9b90730 Exception <a 'sun/nio/fs/WindowsException'{0x0000000718894b48}> (0x0000000718894b48) 
thrown [s\open\src\hotspot\share\prims\jni.cpp, line 516]
Event: 6.033 Thread 0x00000233b9b90730 Exception <a 'sun/nio/fs/WindowsException'{0x0000000718899480}> (0x0000000718899480) 
thrown [s\open\src\hotspot\share\prims\jni.cpp, line 516]
Event: 6.033 Thread 0x00000233b9b90730 Exception <a 'sun/nio/fs/WindowsException'{0x0000000718899840}> (0x0000000718899840) 
thrown [s\open\src\hotspot\share\prims\jni.cpp, line 516]
Event: 6.034 Thread 0x00000233b9b90730 Exception <a 'sun/nio/fs/WindowsException'{0x000000071889ee00}> (0x000000071889ee00) 
thrown [s\open\src\hotspot\share\prims\jni.cpp, line 516]
Event: 6.034 Thread 0x00000233b9b90730 Exception <a 'sun/nio/fs/WindowsException'{0x000000071889f180}> (0x000000071889f180) 
thrown [s\open\src\hotspot\share\prims\jni.cpp, line 516]
Event: 6.038 Thread 0x00000233b9b90730 Exception <a 'sun/nio/fs/WindowsException'{0x00000007188a5a28}> (0x00000007188a5a28) 
thrown [s\open\src\hotspot\share\prims\jni.cpp, line 516]
Event: 6.039 Thread 0x00000233b9b90730 Exception <a 'sun/nio/fs/WindowsException'{0x00000007188a5d88}> (0x00000007188a5d88) 
thrown [s\open\src\hotspot\share\prims\jni.cpp, line 516]
Event: 6.043 Thread 0x00000233b9b90730 Exception <a 'sun/nio/fs/WindowsException'{0x00000007188ac640}> (0x00000007188ac640) 
thrown [s\open\src\hotspot\share\prims\jni.cpp, line 516]
Event: 6.043 Thread 0x00000233b9b90730 Exception <a 'sun/nio/fs/WindowsException'{0x00000007188ac9b8}> (0x00000007188ac9b8) 
thrown [s\open\src\hotspot\share\prims\jni.cpp, line 516]
Event: 6.070 Thread 0x00000233b9b90730 Exception <a 'java/lang/NoSuchMethodError'{0x00000007188c5ab8}: 'void java.lang.invoke.DirectMethodHandle$Holder.invokeStatic(java.lang.Object, long)'> (0x00000007188c5ab8) 
thrown [s\open\src\hotspot\share\interpreter\linkResolver.cpp, line 759]
Event: 6.071 Thread 0x00000233b9b90730 Exception <a 'java/lang/NoSuchMethodError'{0x00000007188cb3b0}: 'java.lang.Object java.lang.invoke.DirectMethodHandle$Holder.newInvokeSpecial(java.lang.Object, long)'> (0x00000007188cb3b0) 
thrown [s\open\src\hotspot\share\interpreter\linkResolver.cpp, line 759]
Event: 6.075 Thread 0x00000233b9b90730 Exception <a 'java/lang/NoSuchMethodError'{0x00000007188d8c28}: 'java.lang.Object java.lang.invoke.DirectMethodHandle$Holder.invokeStaticInit(java.lang.Object, java.lang.Object, long, java.lang.Object)'> (0x00000007188d8c28) 
thrown [s\open\src\hotspot\share\interpreter\linkResolver.cpp, line 759]
Event: 6.076 Thread 0x00000233b9b90730 Exception <a 'java/lang/NoSuchMethodError'{0x00000007188df4a0}: 'java.lang.Object java.lang.invoke.DirectMethodHandle$Holder.newInvokeSpecial(java.lang.Object, java.lang.Object, long)'> (0x00000007188df4a0) 
thrown [s\open\src\hotspot\share\interpreter\linkResolver.cpp, line 759]
Event: 6.076 Thread 0x00000233b9b90730 Exception <a 'java/lang/NoSuchMethodError'{0x00000007188e32b8}: 'java.lang.Object java.lang.invoke.Invokers$Holder.linkToTargetMethod(java.lang.Object, long, java.lang.Object)'> (0x00000007188e32b8) 
thrown [s\open\src\hotspot\share\interpreter\linkResolver.cpp, line 759]

VM Operations (20 events):
Event: 4.924 Executing VM operation: HandshakeAllThreads done
Event: 4.959 Executing VM operation: G1TryInitiateConcMark
Event: 4.963 Executing VM operation: G1TryInitiateConcMark done
Event: 5.023 Executing VM operation: G1TryInitiateConcMark
Event: 5.026 Executing VM operation: G1TryInitiateConcMark done
Event: 5.595 Executing VM operation: G1TryInitiateConcMark
Event: 5.595 Executing VM operation: G1TryInitiateConcMark done
Event: 5.595 Executing VM operation: G1TryInitiateConcMark
Event: 5.597 Executing VM operation: G1TryInitiateConcMark done
Event: 5.664 Executing VM operation: G1TryInitiateConcMark
Event: 5.666 Executing VM operation: G1TryInitiateConcMark done
Event: 6.099 Executing VM operation: G1TryInitiateConcMark
Event: 6.101 Executing VM operation: G1TryInitiateConcMark done
Event: 6.170 Executing VM operation: G1TryInitiateConcMark
Event: 6.172 Executing VM operation: G1TryInitiateConcMark done
Event: 6.577 Executing VM operation: G1TryInitiateConcMark
Event: 6.579 Executing VM operation: G1TryInitiateConcMark done
Event: 6.641 Executing VM operation: G1TryInitiateConcMark
Event: 6.642 Executing VM operation: G1TryInitiateConcMark done
Event: 6.973 Executing VM operation: G1TryInitiateConcMark

Events (20 events):
Event: 6.071 loading class java/lang/ProcessHandleImpl
Event: 6.072 loading class java/lang/ProcessHandle
Event: 6.072 loading class java/lang/ProcessHandle done
Event: 6.072 loading class java/lang/ProcessHandleImpl done
Event: 6.077 loading class java/util/concurrent/SynchronousQueue
Event: 6.077 loading class java/util/concurrent/SynchronousQueue done
Event: 6.077 loading class java/util/concurrent/SynchronousQueue$TransferStack
Event: 6.077 loading class java/util/concurrent/SynchronousQueue$Transferer
Event: 6.077 loading class java/util/concurrent/SynchronousQueue$Transferer done
Event: 6.077 loading class java/util/concurrent/SynchronousQueue$TransferStack done
Event: 6.078 loading class java/util/concurrent/SynchronousQueue$TransferStack$SNode
Event: 6.078 loading class java/util/concurrent/SynchronousQueue$TransferStack$SNode done
Event: 6.078 loading class java/lang/ProcessImpl$2
Event: 6.078 loading class java/lang/ProcessImpl$2 done
Event: 6.078 loading class java/lang/ProcessBuilder$NullInputStream
Event: 6.078 loading class java/lang/ProcessBuilder$NullInputStream done
Event: 6.078 loading class java/lang/ProcessBuilder$RedirectPipeImpl
Event: 6.078 loading class java/lang/ProcessBuilder$RedirectPipeImpl done
Event: 6.078 loading class jdk/internal/event/ProcessStartEvent
Event: 6.079 loading class jdk/internal/event/ProcessStartEvent done


Dynamic libraries:
0x00007ff79b9c0000 - 0x00007ff79b9d0000 	C:\Program Files\Java\jdk-17\bin\java.exe
0x00007ffbd3410000 - 0x00007ffbd3627000 	C:\WINDOWS\SYSTEM32\ntdll.dll
0x00007ffbd2d10000 - 0x00007ffbd2dd4000 	C:\WINDOWS\System32\KERNEL32.DLL
0x00007ffbd0bd0000 - 0x00007ffbd0f7d000 	C:\WINDOWS\System32\KERNELBASE.dll
0x00007ffbd0820000 - 0x00007ffbd0931000 	C:\WINDOWS\System32\ucrtbase.dll
0x00007ffbc99a0000 - 0x00007ffbc99b9000 	C:\Program Files\Java\jdk-17\bin\jli.dll
0x00007ffbc9b40000 - 0x00007ffbc9b5b000 	C:\Program Files\Java\jdk-17\bin\VCRUNTIME140.dll
0x00007ffbd2880000 - 0x00007ffbd2932000 	C:\WINDOWS\System32\ADVAPI32.dll
0x00007ffbd1ae0000 - 0x00007ffbd1b87000 	C:\WINDOWS\System32\msvcrt.dll
0x00007ffbd3320000 - 0x00007ffbd33c9000 	C:\WINDOWS\System32\sechost.dll
0x00007ffbd0730000 - 0x00007ffbd0758000 	C:\WINDOWS\System32\bcrypt.dll
0x00007ffbd2500000 - 0x00007ffbd2614000 	C:\WINDOWS\System32\RPCRT4.dll
0x00007ffbd1220000 - 0x00007ffbd13ce000 	C:\WINDOWS\System32\USER32.dll
0x00007ffbd0ba0000 - 0x00007ffbd0bc6000 	C:\WINDOWS\System32\win32u.dll
0x00007ffbbc420000 - 0x00007ffbbc6b3000 	C:\WINDOWS\WinSxS\amd64_microsoft.windows.common-controls_6595b64144ccf1df_6.0.22621.3672_none_2713b9d173822955\COMCTL32.dll
0x00007ffbd2940000 - 0x00007ffbd2969000 	C:\WINDOWS\System32\GDI32.dll
0x00007ffbd1020000 - 0x00007ffbd1139000 	C:\WINDOWS\System32\gdi32full.dll
0x00007ffbd0f80000 - 0x00007ffbd101a000 	C:\WINDOWS\System32\msvcp_win.dll
0x00007ffbc8d50000 - 0x00007ffbc8d5a000 	C:\WINDOWS\SYSTEM32\VERSION.dll
0x00007ffbd1810000 - 0x00007ffbd1841000 	C:\WINDOWS\System32\IMM32.DLL
0x00007ffbc9de0000 - 0x00007ffbc9dec000 	C:\Program Files\Java\jdk-17\bin\vcruntime140_1.dll
0x00007ffbb9f10000 - 0x00007ffbb9f9e000 	C:\Program Files\Java\jdk-17\bin\msvcp140.dll
0x00007ffb93040000 - 0x00007ffb93c20000 	C:\Program Files\Java\jdk-17\bin\server\jvm.dll
0x00007ffbd24f0000 - 0x00007ffbd24f8000 	C:\WINDOWS\System32\PSAPI.DLL
0x00007ffbc9bc0000 - 0x00007ffbc9bc9000 	C:\WINDOWS\SYSTEM32\WSOCK32.dll
0x00007ffbc8d60000 - 0x00007ffbc8d94000 	C:\WINDOWS\SYSTEM32\WINMM.dll
0x00007ffbd2970000 - 0x00007ffbd29e1000 	C:\WINDOWS\System32\WS2_32.dll
0x00007ffbcf760000 - 0x00007ffbcf778000 	C:\WINDOWS\SYSTEM32\kernel.appcore.dll
0x00007ffbc9780000 - 0x00007ffbc978a000 	C:\Program Files\Java\jdk-17\bin\jimage.dll
0x00007ffbce000000 - 0x00007ffbce232000 	C:\WINDOWS\SYSTEM32\DBGHELP.DLL
0x00007ffbd1460000 - 0x00007ffbd17ed000 	C:\WINDOWS\System32\combase.dll
0x00007ffbd1140000 - 0x00007ffbd1217000 	C:\WINDOWS\System32\OLEAUT32.dll
0x00007ffbac6d0000 - 0x00007ffbac702000 	C:\WINDOWS\SYSTEM32\dbgcore.DLL
0x00007ffbd09b0000 - 0x00007ffbd0a2b000 	C:\WINDOWS\System32\bcryptPrimitives.dll
0x00007ffbc6cc0000 - 0x00007ffbc6cce000 	C:\Program Files\Java\jdk-17\bin\instrument.dll
0x00007ffbc8e70000 - 0x00007ffbc8e95000 	C:\Program Files\Java\jdk-17\bin\java.dll
0x00007ffbb9af0000 - 0x00007ffbb9bc7000 	C:\Program Files\Java\jdk-17\bin\jsvml.dll
0x00007ffbd1b90000 - 0x00007ffbd23f8000 	C:\WINDOWS\System32\SHELL32.dll
0x00007ffbce680000 - 0x00007ffbcef7e000 	C:\WINDOWS\SYSTEM32\windows.storage.dll
0x00007ffbce540000 - 0x00007ffbce67f000 	C:\WINDOWS\SYSTEM32\wintypes.dll
0x00007ffbd1880000 - 0x00007ffbd1979000 	C:\WINDOWS\System32\SHCORE.dll
0x00007ffbd1a80000 - 0x00007ffbd1ade000 	C:\WINDOWS\System32\shlwapi.dll
0x00007ffbd0660000 - 0x00007ffbd0681000 	C:\WINDOWS\SYSTEM32\profapi.dll
0x00007ffbc8da0000 - 0x00007ffbc8db8000 	C:\Program Files\Java\jdk-17\bin\zip.dll
0x00007ffbc9760000 - 0x00007ffbc9779000 	C:\Program Files\Java\jdk-17\bin\net.dll
0x00007ffbc95b0000 - 0x00007ffbc96e6000 	C:\WINDOWS\SYSTEM32\WINHTTP.dll
0x00007ffbcfbd0000 - 0x00007ffbcfc39000 	C:\WINDOWS\system32\mswsock.dll
0x00007ffbc96f0000 - 0x00007ffbc9706000 	C:\Program Files\Java\jdk-17\bin\nio.dll
0x00007ffbc6cb0000 - 0x00007ffbc6cba000 	C:\Program Files\Java\jdk-17\bin\management.dll
0x00007ffbc6c40000 - 0x00007ffbc6c4b000 	C:\Program Files\Java\jdk-17\bin\management_ext.dll
0x00007ffbcfe30000 - 0x00007ffbcfe4b000 	C:\WINDOWS\SYSTEM32\CRYPTSP.dll
0x00007ffbcf6c0000 - 0x00007ffbcf6f5000 	C:\WINDOWS\system32\rsaenh.dll
0x00007ffbcfcd0000 - 0x00007ffbcfcf8000 	C:\WINDOWS\SYSTEM32\USERENV.dll
0x00007ffbcfe50000 - 0x00007ffbcfe5c000 	C:\WINDOWS\SYSTEM32\CRYPTBASE.dll
0x00007ffbcf1e0000 - 0x00007ffbcf20d000 	C:\WINDOWS\SYSTEM32\IPHLPAPI.DLL
0x00007ffbd2400000 - 0x00007ffbd2409000 	C:\WINDOWS\System32\NSI.dll
0x00007ffbc9490000 - 0x00007ffbc94a9000 	C:\WINDOWS\SYSTEM32\dhcpcsvc6.DLL
0x00007ffbc92a0000 - 0x00007ffbc92bf000 	C:\WINDOWS\SYSTEM32\dhcpcsvc.DLL
0x00007ffbcf250000 - 0x00007ffbcf348000 	C:\WINDOWS\SYSTEM32\DNSAPI.dll
0x00007ffbc89d0000 - 0x00007ffbc89e0000 	C:\Program Files\Java\jdk-17\bin\verify.dll
0x00007ffbb9d70000 - 0x00007ffbb9f01000 	C:\Program Files\Java\jdk-17\bin\awt.dll
0x00007ffbc8af0000 - 0x00007ffbc8b87000 	C:\WINDOWS\SYSTEM32\apphelp.dll
0x00007ffbcd800000 - 0x00007ffbcd8b0000 	C:\WINDOWS\system32\uxtheme.dll
0x00007ffbd2bb0000 - 0x00007ffbd2d0b000 	C:\WINDOWS\System32\MSCTF.dll
0x00007ffbd2620000 - 0x00007ffbd27c5000 	C:\WINDOWS\System32\ole32.dll
0x00007ffbcda60000 - 0x00007ffbcda8b000 	C:\WINDOWS\system32\DWMAPI.DLL
0x00007ffbbba10000 - 0x00007ffbbbb10000 	C:\WINDOWS\system32\opengl32.dll
0x00007ffbbcf00000 - 0x00007ffbbcf2d000 	C:\WINDOWS\SYSTEM32\GLU32.dll
0x00007ffbcd900000 - 0x00007ffbcd937000 	C:\WINDOWS\SYSTEM32\dxcore.dll
0x00007ffb62370000 - 0x00007ffb62387000 	C:\WINDOWS\system32\napinsp.dll
0x00007ffb62350000 - 0x00007ffb6236b000 	C:\WINDOWS\system32\pnrpnsp.dll
0x00007ffb97a00000 - 0x00007ffb97a27000 	C:\WINDOWS\system32\nlansp_c.dll
0x00007ffb62330000 - 0x00007ffb62341000 	C:\WINDOWS\System32\winrnr.dll
0x00007ffbb71b0000 - 0x00007ffbb71c5000 	C:\WINDOWS\system32\wshbth.dll
0x00007ffbb8f90000 - 0x00007ffbb8f9a000 	C:\Windows\System32\rasadhlp.dll
0x00007ffbc7ca0000 - 0x00007ffbc7d23000 	C:\WINDOWS\System32\fwpuclnt.dll

dbghelp: loaded successfully - version: 4.0.5 - missing functions: none
symbol engine: initialized successfully - sym options: 0x614 - pdb path: .;C:\Program Files\Java\jdk-17\bin;C:\WINDOWS\SYSTEM32;C:\WINDOWS\WinSxS\amd64_microsoft.windows.common-controls_6595b64144ccf1df_6.0.22621.3672_none_2713b9d173822955;C:\Program Files\Java\jdk-17\bin\server

VM Arguments:
jvm_args: -javaagent:C:\Users\cheth\.m2\repository/org/aspectj/aspectjweaver/1.9.4/aspectjweaver-1.9.4.jar 
java_command: C:\Users\cheth\AppData\Local\Temp\surefire8673620067968228578\surefirebooter-20250220195122892_3.jar C:\Users\cheth\AppData\Local\Temp\surefire8673620067968228578 2025-02-20T19-51-22_693-jvmRun1 surefire-20250220195122892_1tmp surefire_0-20250220195122892_2tmp
java_class_path (initial): C:\Users\cheth\AppData\Local\Temp\surefire8673620067968228578\surefirebooter-20250220195122892_3.jar
Launcher Type: SUN_STANDARD

[Global flags]
     intx CICompilerCount                          = 4                                         {product} {ergonomic}
     uint ConcGCThreads                            = 2                                         {product} {ergonomic}
     uint G1ConcRefinementThreads                  = 8                                         {product} {ergonomic}
   size_t G1HeapRegionSize                         = 2097152                                   {product} {ergonomic}
    uintx GCDrainStackTargetSize                   = 64                                        {product} {ergonomic}
   size_t InitialHeapSize                          = 268435456                                 {product} {ergonomic}
   size_t MarkStackSize                            = 4194304                                   {product} {ergonomic}
   size_t MaxHeapSize                              = 4263510016                                {product} {ergonomic}
   size_t MaxNewSize                               = 2556428288                                {product} {ergonomic}
   size_t MinHeapDeltaBytes                        = 2097152                                   {product} {ergonomic}
   size_t MinHeapSize                              = 8388608                                   {product} {ergonomic}
    uintx NonNMethodCodeHeapSize                   = 5839372                                {pd product} {ergonomic}
    uintx NonProfiledCodeHeapSize                  = 122909434                              {pd product} {ergonomic}
    uintx ProfiledCodeHeapSize                     = 122909434                              {pd product} {ergonomic}
    uintx ReservedCodeCacheSize                    = 251658240                              {pd product} {ergonomic}
     bool SegmentedCodeCache                       = true                                      {product} {ergonomic}
   size_t SoftMaxHeapSize                          = 4263510016                             {manageable} {ergonomic}
     bool UseCompressedClassPointers               = true                           {product lp64_product} {ergonomic}
     bool UseCompressedOops                        = true                           {product lp64_product} {ergonomic}
     bool UseG1GC                                  = true                                      {product} {ergonomic}
     bool UseLargePagesIndividualAllocation        = false                                  {pd product} {ergonomic}

Logging:
Log output configuration:
 #0: stdout all=warning uptime,level,tags
 #1: stderr all=off uptime,level,tags

Environment Variables:
JAVA_HOME=C:\Program Files\Java\jdk-17
PATH=C:/Users/cheth/.p2/pool/plugins/org.eclipse.justj.openjdk.hotspot.jre.full.win32.x86_64_23.0.2.v20250131-0604/jre/bin/server;C:/Users/cheth/.p2/pool/plugins/org.eclipse.justj.openjdk.hotspot.jre.full.win32.x86_64_23.0.2.v20250131-0604/jre/bin;C:\Program Files\Python312\Scripts\;C:\Program Files\Python312\;C:\Program Files\Common Files\Oracle\Java\javapath;C:\WINDOWS\system32;C:\WINDOWS;C:\WINDOWS\System32\Wbem;C:\WINDOWS\System32\WindowsPowerShell\v1.0\;C:\WINDOWS\System32\OpenSSH\;C:\Program Files\Java\jdk-17\bin;C:\apache-maven-3.9.8\bin;C:\Program Files\Git\cmd;C:\Users\cheth\AppData\Local\Programs\Python\Launcher\;C:\Users\cheth\AppData\Local\Microsoft\WindowsApps;C:\Program Files\JetBrains\IntelliJ IDEA Community Edition 2024.2.0.1\bin;;C:\Program Files\JetBrains\PyCharm Community Edition 2024.3.3\bin;;C:\Users\cheth\AppData\Local\GitHubDesktop\bin;C:\WINDOWS\system32;
USERNAME=Divyanshu
OS=Windows_NT
PROCESSOR_IDENTIFIER=Intel64 Family 6 Model 142 Stepping 10, GenuineIntel



---------------  S Y S T E M  ---------------

OS:
 Windows 11 , 64 bit Build 22621 (10.0.22621.3958)
OS uptime: 0 days 11:38 hours

CPU: total 8 (initial active 8) (4 cores per cpu, 2 threads per core) family 6 model 142 stepping 10 microcode 0xec, cx8, cmov, fxsr, ht, mmx, 3dnowpref, sse, sse2, sse3, ssse3, sse4.1, sse4.2, popcnt, lzcnt, tsc, tscinvbit, avx, avx2, aes, erms, clmul, bmi1, bmi2, rtm, adx, fma, vzeroupper, clflush, clflushopt

Memory: 4k page, system-wide physical 16262M (4148M free)
TotalPageFile size 16262M (AvailPageFile size 37M)
current process WorkingSet (physical memory assigned to process): 342M, peak: 367M
current process commit charge ("private bytes"): 556M, peak: 632M

vm_info: Java HotSpot(TM) 64-Bit Server VM (17.0.12+8-LTS-286) for windows-amd64 JRE (17.0.12+8-LTS-286), built on Jun  5 2024 06:46:59 by "mach5one" with MS VC++ 17.6 (VS2022)

END.
